0 verbose cli /usr/local/bin/node /usr/local/bin/npm
1 info using npm@10.9.3
2 info using node@v22.18.0
3 silly config load:file:/usr/local/lib/node_modules/npm/npmrc
4 silly config load:file:/Users/cristianvillavicencio/Desktop/nomi-crm/.npmrc
5 silly config load:file:/Users/cristianvillavicencio/.npmrc
6 silly config load:file:/usr/local/etc/npmrc
7 verbose title npm install enhanced-resolve@5.18.4
8 verbose argv "install" "enhanced-resolve@5.18.4" "--no-save" "--cache" "./.npm-cache-local" "--force"
9 verbose logfile logs-max:10 dir:/Users/cristianvillavicencio/Desktop/nomi-crm/.npm-cache-local/_logs/2026-03-20T15_42_14_791Z-
10 verbose logfile /Users/cristianvillavicencio/Desktop/nomi-crm/.npm-cache-local/_logs/2026-03-20T15_42_14_791Z-debug-0.log
11 warn using --force Recommended protections disabled.
12 silly logfile done cleaning log files
13 silly packumentCache heap:4345298944 maxSize:1086324736 maxEntrySize:543162368
14 silly idealTree buildDeps
15 silly fetch manifest enhanced-resolve@5.18.4
16 silly packumentCache full:https://registry.npmjs.org/enhanced-resolve cache-miss
17 verbose shrinkwrap failed to load node_modules/.package-lock.json out of date, updated: node_modules
18 http fetch GET 200 https://registry.npmjs.org/npm 576ms
19 http fetch GET 200 https://registry.npmjs.org/enhanced-resolve 308ms (cache miss)
20 silly packumentCache full:https://registry.npmjs.org/enhanced-resolve set size:undefined disposed:false
21 silly placeDep ROOT enhanced-resolve@5.18.4 REPLACE for: atomic-crm@0.1.0 want: 5.18.4
22 silly reify moves {}
23 verbose reify failed optional dependency /Users/cristianvillavicencio/Desktop/nomi-crm/node_modules/@tailwindcss/oxide-wasm32-wasi
24 silly reify mark deleted [
24 silly reify   '/Users/cristianvillavicencio/Desktop/nomi-crm/node_modules/@tailwindcss/oxide-wasm32-wasi'
24 silly reify ]
25 verbose reify failed optional dependency /Users/cristianvillavicencio/Desktop/nomi-crm/node_modules/@tailwindcss/oxide-wasm32-wasi/node_modules/@emnapi/core
26 silly reify mark deleted [
26 silly reify   '/Users/cristianvillavicencio/Desktop/nomi-crm/node_modules/@tailwindcss/oxide-wasm32-wasi/node_modules/@emnapi/core'
26 silly reify ]
27 verbose reify failed optional dependency /Users/cristianvillavicencio/Desktop/nomi-crm/node_modules/@tailwindcss/oxide-wasm32-wasi/node_modules/@emnapi/runtime
28 silly reify mark deleted [
28 silly reify   '/Users/cristianvillavicencio/Desktop/nomi-crm/node_modules/@tailwindcss/oxide-wasm32-wasi/node_modules/@emnapi/runtime'
28 silly reify ]
29 verbose reify failed optional dependency /Users/cristianvillavicencio/Desktop/nomi-crm/node_modules/@tailwindcss/oxide-wasm32-wasi/node_modules/@emnapi/wasi-threads
30 silly reify mark deleted [
30 silly reify   '/Users/cristianvillavicencio/Desktop/nomi-crm/node_modules/@tailwindcss/oxide-wasm32-wasi/node_modules/@emnapi/wasi-threads'
30 silly reify ]
31 verbose reify failed optional dependency /Users/cristianvillavicencio/Desktop/nomi-crm/node_modules/@tailwindcss/oxide-wasm32-wasi/node_modules/@napi-rs/wasm-runtime
32 silly reify mark deleted [
32 silly reify   '/Users/cristianvillavicencio/Desktop/nomi-crm/node_modules/@tailwindcss/oxide-wasm32-wasi/node_modules/@napi-rs/wasm-runtime'
32 silly reify ]
33 verbose reify failed optional dependency /Users/cristianvillavicencio/Desktop/nomi-crm/node_modules/@tailwindcss/oxide-wasm32-wasi/node_modules/@tybys/wasm-util
34 silly reify mark deleted [
34 silly reify   '/Users/cristianvillavicencio/Desktop/nomi-crm/node_modules/@tailwindcss/oxide-wasm32-wasi/node_modules/@tybys/wasm-util'
34 silly reify ]
35 verbose reify failed optional dependency /Users/cristianvillavicencio/Desktop/nomi-crm/node_modules/@tailwindcss/oxide-wasm32-wasi/node_modules/tslib
36 silly reify mark deleted [
36 silly reify   '/Users/cristianvillavicencio/Desktop/nomi-crm/node_modules/@tailwindcss/oxide-wasm32-wasi/node_modules/tslib'
36 silly reify ]
37 silly audit bulk request {
37 silly audit   '@adobe/css-tools': [ '4.4.4' ],
37 silly audit   '@ampproject/remapping': [ '2.3.0' ],
37 silly audit   '@antfu/ni': [ '25.0.0' ],
37 silly audit   tinyexec: [ '1.0.2', '0.3.2' ],
37 silly audit   '@babel/code-frame': [ '7.29.0' ],
37 silly audit   '@babel/compat-data': [ '7.29.0' ],
37 silly audit   '@babel/core': [ '7.28.3' ],
37 silly audit   '@babel/generator': [ '7.29.1' ],
37 silly audit   '@babel/helper-annotate-as-pure': [ '7.27.3' ],
37 silly audit   '@babel/helper-compilation-targets': [ '7.28.6' ],
37 silly audit   '@babel/helper-create-class-features-plugin': [ '7.28.6' ],
37 silly audit   '@babel/helper-create-regexp-features-plugin': [ '7.28.5' ],
37 silly audit   '@babel/helper-define-polyfill-provider': [ '0.6.6' ],
37 silly audit   '@babel/helper-globals': [ '7.28.0' ],
37 silly audit   '@babel/helper-member-expression-to-functions': [ '7.28.5' ],
37 silly audit   '@babel/helper-module-imports': [ '7.28.6' ],
37 silly audit   '@babel/helper-module-transforms': [ '7.28.6' ],
37 silly audit   '@babel/helper-optimise-call-expression': [ '7.27.1' ],
37 silly audit   '@babel/helper-plugin-utils': [ '7.28.6' ],
37 silly audit   '@babel/helper-remap-async-to-generator': [ '7.27.1' ],
37 silly audit   '@babel/helper-replace-supers': [ '7.28.6' ],
37 silly audit   '@babel/helper-skip-transparent-expression-wrappers': [ '7.27.1' ],
37 silly audit   '@babel/helper-string-parser': [ '7.27.1' ],
37 silly audit   '@babel/helper-validator-identifier': [ '7.28.5' ],
37 silly audit   '@babel/helper-validator-option': [ '7.27.1' ],
37 silly audit   '@babel/helper-wrap-function': [ '7.28.6' ],
37 silly audit   '@babel/helpers': [ '7.28.3' ],
37 silly audit   '@babel/parser': [ '7.29.0' ],
37 silly audit   '@babel/plugin-bugfix-firefox-class-in-computed-class-key': [ '7.28.5' ],
37 silly audit   '@babel/plugin-bugfix-safari-class-field-initializer-scope': [ '7.27.1' ],
37 silly audit   '@babel/plugin-bugfix-safari-id-destructuring-collision-in-function-expression': [ '7.27.1' ],
37 silly audit   '@babel/plugin-bugfix-v8-spread-parameters-in-optional-chaining': [ '7.27.1' ],
37 silly audit   '@babel/plugin-bugfix-v8-static-class-fields-redefine-readonly': [ '7.28.6' ],
37 silly audit   '@babel/plugin-proposal-private-property-in-object': [ '7.21.0-placeholder-for-preset-env.2' ],
37 silly audit   '@babel/plugin-syntax-import-assertions': [ '7.28.6' ],
37 silly audit   '@babel/plugin-syntax-import-attributes': [ '7.28.6' ],
37 silly audit   '@babel/plugin-syntax-jsx': [ '7.27.1' ],
37 silly audit   '@babel/plugin-syntax-typescript': [ '7.27.1' ],
37 silly audit   '@babel/plugin-syntax-unicode-sets-regex': [ '7.18.6' ],
37 silly audit   '@babel/plugin-transform-arrow-functions': [ '7.27.1' ],
37 silly audit   '@babel/plugin-transform-async-generator-functions': [ '7.29.0' ],
37 silly audit   '@babel/plugin-transform-async-to-generator': [ '7.28.6' ],
37 silly audit   '@babel/plugin-transform-block-scoped-functions': [ '7.27.1' ],
37 silly audit   '@babel/plugin-transform-block-scoping': [ '7.28.6' ],
37 silly audit   '@babel/plugin-transform-class-properties': [ '7.28.6' ],
37 silly audit   '@babel/plugin-transform-class-static-block': [ '7.28.6' ],
37 silly audit   '@babel/plugin-transform-classes': [ '7.28.6' ],
37 silly audit   '@babel/plugin-transform-computed-properties': [ '7.28.6' ],
37 silly audit   '@babel/plugin-transform-destructuring': [ '7.28.5' ],
37 silly audit   '@babel/plugin-transform-dotall-regex': [ '7.28.6' ],
37 silly audit   '@babel/plugin-transform-duplicate-keys': [ '7.27.1' ],
37 silly audit   '@babel/plugin-transform-duplicate-named-capturing-groups-regex': [ '7.29.0' ],
37 silly audit   '@babel/plugin-transform-dynamic-import': [ '7.27.1' ],
37 silly audit   '@babel/plugin-transform-explicit-resource-management': [ '7.28.6' ],
37 silly audit   '@babel/plugin-transform-exponentiation-operator': [ '7.28.6' ],
37 silly audit   '@babel/plugin-transform-export-namespace-from': [ '7.27.1' ],
37 silly audit   '@babel/plugin-transform-for-of': [ '7.27.1' ],
37 silly audit   '@babel/plugin-transform-function-name': [ '7.27.1' ],
37 silly audit   '@babel/plugin-transform-json-strings': [ '7.28.6' ],
37 silly audit   '@babel/plugin-transform-literals': [ '7.27.1' ],
37 silly audit   '@babel/plugin-transform-logical-assignment-operators': [ '7.28.6' ],
37 silly audit   '@babel/plugin-transform-member-expression-literals': [ '7.27.1' ],
37 silly audit   '@babel/plugin-transform-modules-amd': [ '7.27.1' ],
37 silly audit   '@babel/plugin-transform-modules-commonjs': [ '7.28.6' ],
37 silly audit   '@babel/plugin-transform-modules-systemjs': [ '7.29.0' ],
37 silly audit   '@babel/plugin-transform-modules-umd': [ '7.27.1' ],
37 silly audit   '@babel/plugin-transform-named-capturing-groups-regex': [ '7.29.0' ],
37 silly audit   '@babel/plugin-transform-new-target': [ '7.27.1' ],
37 silly audit   '@babel/plugin-transform-nullish-coalescing-operator': [ '7.28.6' ],
37 silly audit   '@babel/plugin-transform-numeric-separator': [ '7.28.6' ],
37 silly audit   '@babel/plugin-transform-object-rest-spread': [ '7.28.6' ],
37 silly audit   '@babel/plugin-transform-object-super': [ '7.27.1' ],
37 silly audit   '@babel/plugin-transform-optional-catch-binding': [ '7.28.6' ],
37 silly audit   '@babel/plugin-transform-optional-chaining': [ '7.28.6' ],
37 silly audit   '@babel/plugin-transform-parameters': [ '7.27.7' ],
37 silly audit   '@babel/plugin-transform-private-methods': [ '7.28.6' ],
37 silly audit   '@babel/plugin-transform-private-property-in-object': [ '7.28.6' ],
37 silly audit   '@babel/plugin-transform-property-literals': [ '7.27.1' ],
37 silly audit   '@babel/plugin-transform-react-jsx-self': [ '7.27.1' ],
37 silly audit   '@babel/plugin-transform-react-jsx-source': [ '7.27.1' ],
37 silly audit   '@babel/plugin-transform-regenerator': [ '7.29.0' ],
37 silly audit   '@babel/plugin-transform-regexp-modifiers': [ '7.28.6' ],
37 silly audit   '@babel/plugin-transform-reserved-words': [ '7.27.1' ],
37 silly audit   '@babel/plugin-transform-shorthand-properties': [ '7.27.1' ],
37 silly audit   '@babel/plugin-transform-spread': [ '7.28.6' ],
37 silly audit   '@babel/plugin-transform-sticky-regex': [ '7.27.1' ],
37 silly audit   '@babel/plugin-transform-template-literals': [ '7.27.1' ],
37 silly audit   '@babel/plugin-transform-typeof-symbol': [ '7.27.1' ],
37 silly audit   '@babel/plugin-transform-typescript': [ '7.28.5' ],
37 silly audit   '@babel/plugin-transform-unicode-escapes': [ '7.27.1' ],
37 silly audit   '@babel/plugin-transform-unicode-property-regex': [ '7.28.6' ],
37 silly audit   '@babel/plugin-transform-unicode-regex': [ '7.27.1' ],
37 silly audit   '@babel/plugin-transform-unicode-sets-regex': [ '7.28.6' ],
37 silly audit   '@babel/preset-env': [ '7.29.0' ],
37 silly audit   '@babel/preset-modules': [ '0.1.6-no-external-plugins' ],
37 silly audit   '@babel/preset-typescript': [ '7.28.5' ],
37 silly audit   '@babel/runtime': [ '7.28.3' ],
37 silly audit   '@babel/template': [ '7.28.6' ],
37 silly audit   '@babel/traverse': [ '7.29.0' ],
37 silly audit   '@babel/types': [ '7.29.0' ],
37 silly audit   '@dotenvx/dotenvx': [ '1.51.0' ],
37 silly audit   commander: [ '11.1.0', '14.0.3', '13.1.0', '2.20.3' ],
37 silly audit   execa: [ '5.1.1', '9.6.1' ],
37 silly audit   fdir: [ '6.5.0' ],
37 silly audit   'get-stream': [ '6.0.1', '9.0.1' ],
37 silly audit   'human-signals': [ '2.1.0', '8.0.1' ],
37 silly audit   'is-stream': [ '2.0.1', '4.0.1' ],
37 silly audit   isexe: [ '3.1.1', '2.0.0' ],
37 silly audit   'npm-run-path': [ '4.0.1', '6.0.0' ],
37 silly audit   onetime: [ '5.1.2', '7.0.0' ],
37 silly audit   picomatch: [ '4.0.3', '2.3.1' ],
37 silly audit   'signal-exit': [ '3.0.7', '4.1.0' ],
37 silly audit   'strip-final-newline': [ '2.0.0', '4.0.0' ],
37 silly audit   which: [ '4.0.0', '2.0.2' ],
37 silly audit   '@ecies/ciphers': [ '0.2.4' ],
37 silly audit   '@esbuild/aix-ppc64': [ '0.25.12', '0.27.2' ],
37 silly audit   '@esbuild/android-arm': [ '0.25.12', '0.27.2' ],
37 silly audit   '@esbuild/android-arm64': [ '0.25.12', '0.27.2' ],
37 silly audit   '@esbuild/android-x64': [ '0.25.12', '0.27.2' ],
37 silly audit   '@esbuild/darwin-arm64': [ '0.25.12', '0.27.2' ],
37 silly audit   '@esbuild/darwin-x64': [ '0.25.12', '0.27.2' ],
37 silly audit   '@esbuild/freebsd-arm64': [ '0.25.12', '0.27.2' ],
37 silly audit   '@esbuild/freebsd-x64': [ '0.25.12', '0.27.2' ],
37 silly audit   '@esbuild/linux-arm': [ '0.25.12', '0.27.2' ],
37 silly audit   '@esbuild/linux-arm64': [ '0.25.12', '0.27.2' ],
37 silly audit   '@esbuild/linux-ia32': [ '0.25.12', '0.27.2' ],
37 silly audit   '@esbuild/linux-loong64': [ '0.25.12', '0.27.2' ],
37 silly audit   '@esbuild/linux-mips64el': [ '0.25.12', '0.27.2' ],
37 silly audit   '@esbuild/linux-ppc64': [ '0.25.12', '0.27.2' ],
37 silly audit   '@esbuild/linux-riscv64': [ '0.25.12', '0.27.2' ],
37 silly audit   '@esbuild/linux-s390x': [ '0.25.12', '0.27.2' ],
37 silly audit   '@esbuild/linux-x64': [ '0.25.12', '0.27.2' ],
37 silly audit   '@esbuild/netbsd-arm64': [ '0.25.12', '0.27.2' ],
37 silly audit   '@esbuild/netbsd-x64': [ '0.25.12', '0.27.2' ],
37 silly audit   '@esbuild/openbsd-arm64': [ '0.25.12', '0.27.2' ],
37 silly audit   '@esbuild/openbsd-x64': [ '0.25.12', '0.27.2' ],
37 silly audit   '@esbuild/openharmony-arm64': [ '0.25.12', '0.27.2' ],
37 silly audit   '@esbuild/sunos-x64': [ '0.25.12', '0.27.2' ],
37 silly audit   '@esbuild/win32-arm64': [ '0.25.12', '0.27.2' ],
37 silly audit   '@esbuild/win32-ia32': [ '0.25.12', '0.27.2' ],
37 silly audit   '@esbuild/win32-x64': [ '0.25.12', '0.27.2' ],
37 silly audit   '@eslint-community/eslint-utils': [ '4.7.0' ],
37 silly audit   'eslint-visitor-keys': [ '3.4.3', '4.2.1' ],
37 silly audit   '@eslint-community/regexpp': [ '4.12.1' ],
37 silly audit   '@eslint/config-array': [ '0.21.0' ],
37 silly audit   '@eslint/config-helpers': [ '0.3.1' ],
37 silly audit   '@eslint/core': [ '0.15.2' ],
37 silly audit   '@eslint/eslintrc': [ '3.3.1' ],
37 silly audit   globals: [ '14.0.0', '16.5.0' ],
37 silly audit   '@eslint/js': [ '9.34.0' ],
37 silly audit   '@eslint/object-schema': [ '2.1.6' ],
37 silly audit   '@eslint/plugin-kit': [ '0.3.5' ],
37 silly audit   '@floating-ui/core': [ '1.7.3' ],
37 silly audit   '@floating-ui/dom': [ '1.7.4' ],
37 silly audit   '@floating-ui/react-dom': [ '2.1.6' ],
37 silly audit   '@floating-ui/utils': [ '0.2.10' ],
37 silly audit   '@hello-pangea/dnd': [ '18.0.1' ],
37 silly audit   '@hono/node-server': [ '1.19.9' ],
37 silly audit   '@humanfs/core': [ '0.19.1' ],
37 silly audit   '@humanfs/node': [ '0.16.6' ],
37 silly audit   '@humanwhocodes/retry': [ '0.3.1', '0.4.3' ],
37 silly audit   '@humanwhocodes/module-importer': [ '1.0.1' ],
37 silly audit   '@inquirer/ansi': [ '1.0.2', '2.0.3' ],
37 silly audit   '@inquirer/checkbox': [ '5.0.4' ],
37 silly audit   '@inquirer/core': [ '11.1.1', '10.3.2' ],
37 silly audit   '@inquirer/figures': [ '2.0.3', '1.0.15' ],
37 silly audit   '@inquirer/type': [ '4.0.3', '3.0.10' ],
37 silly audit   'ansi-regex': [ '6.2.2', '5.0.1' ],
37 silly audit   'ansi-styles': [ '6.2.3', '4.3.0', '5.2.0' ],
37 silly audit   'emoji-regex': [ '10.6.0', '9.2.2', '8.0.0' ],
37 silly audit   'mute-stream': [ '3.0.0', '2.0.0' ],
37 silly audit   'string-width': [ '7.2.0', '5.1.2', '4.2.3' ],
37 silly audit   'strip-ansi': [ '7.1.2', '6.0.1' ],
37 silly audit   'wrap-ansi': [ '9.0.2', '6.2.0', '8.1.0', '7.0.0' ],
37 silly audit   '@inquirer/confirm': [ '5.1.21', '6.0.4' ],
37 silly audit   '@inquirer/editor': [ '5.0.4' ],
37 silly audit   '@inquirer/expand': [ '5.0.4' ],
37 silly audit   '@inquirer/external-editor': [ '2.0.3' ],
37 silly audit   '@inquirer/input': [ '5.0.4' ],
37 silly audit   '@inquirer/number': [ '4.0.4' ],
37 silly audit   '@inquirer/password': [ '5.0.4' ],
37 silly audit   '@inquirer/prompts': [ '8.2.0' ],
37 silly audit   '@inquirer/rawlist': [ '5.2.0' ],
37 silly audit   '@inquirer/search': [ '4.1.0' ],
37 silly audit   '@inquirer/select': [ '5.0.4' ],
37 silly audit   '@isaacs/cliui': [ '8.0.2' ],
37 silly audit   '@jridgewell/gen-mapping': [ '0.3.13' ],
37 silly audit   '@jridgewell/remapping': [ '2.3.5' ],
37 silly audit   '@jridgewell/resolve-uri': [ '3.1.2' ],
37 silly audit   '@jridgewell/source-map': [ '0.3.11' ],
37 silly audit   '@jridgewell/sourcemap-codec': [ '1.5.5' ],
37 silly audit   '@jridgewell/trace-mapping': [ '0.3.30' ],
37 silly audit   '@modelcontextprotocol/sdk': [ '1.26.0' ],
37 silly audit   ajv: [ '8.17.1', '6.12.6' ],
37 silly audit   'json-schema-traverse': [ '1.0.0', '0.4.1' ],
37 silly audit   '@mswjs/interceptors': [ '0.40.0' ],
37 silly audit   '@nivo/annotations': [ '0.99.0' ],
37 silly audit   '@nivo/axes': [ '0.99.0' ],
37 silly audit   '@nivo/bar': [ '0.99.0' ],
37 silly audit   '@nivo/canvas': [ '0.99.0' ],
37 silly audit   '@nivo/colors': [ '0.99.0' ],
37 silly audit   '@nivo/core': [ '0.99.0' ],
37 silly audit   '@nivo/legends': [ '0.99.0' ],
37 silly audit   '@nivo/scales': [ '0.99.0' ],
37 silly audit   '@types/d3-time-format': [ '3.0.4', '2.3.4' ],
37 silly audit   '@nivo/text': [ '0.99.0' ],
37 silly audit   '@nivo/theming': [ '0.99.0' ],
37 silly audit   '@nivo/tooltip': [ '0.99.0' ],
37 silly audit   '@noble/ciphers': [ '1.3.0' ],
37 silly audit   '@noble/curves': [ '1.9.7' ],
37 silly audit   '@noble/hashes': [ '1.8.0' ],
37 silly audit   '@nodelib/fs.scandir': [ '2.1.5' ],
37 silly audit   '@nodelib/fs.stat': [ '2.0.5' ],
37 silly audit   '@nodelib/fs.walk': [ '1.2.8' ],
37 silly audit   '@open-draft/deferred-promise': [ '2.2.0' ],
37 silly audit   '@open-draft/logger': [ '0.3.0' ],
37 silly audit   '@open-draft/until': [ '2.1.0' ],
37 silly audit   '@radix-ui/number': [ '1.1.1' ],
37 silly audit   '@radix-ui/primitive': [ '1.1.3' ],
37 silly audit   '@radix-ui/react-accessible-icon': [ '1.1.7' ],
37 silly audit   '@radix-ui/react-accordion': [ '1.2.12' ],
37 silly audit   '@radix-ui/react-alert-dialog': [ '1.1.15' ],
37 silly audit   '@radix-ui/react-slot': [ '1.2.3', '1.2.4' ],
37 silly audit   '@radix-ui/react-arrow': [ '1.1.7' ],
37 silly audit   '@radix-ui/react-aspect-ratio': [ '1.1.7' ],
37 silly audit   '@radix-ui/react-avatar': [ '1.1.11', '1.1.10' ],
37 silly audit   '@radix-ui/react-context': [ '1.1.3', '1.1.2' ],
37 silly audit   '@radix-ui/react-primitive': [ '2.1.4', '2.1.3' ],
37 silly audit   '@radix-ui/react-checkbox': [ '1.3.3' ],
37 silly audit   '@radix-ui/react-collapsible': [ '1.1.12' ],
37 silly audit   '@radix-ui/react-collection': [ '1.1.7' ],
37 silly audit   '@radix-ui/react-compose-refs': [ '1.1.2' ],
37 silly audit   '@radix-ui/react-context-menu': [ '2.2.16' ],
37 silly audit   '@radix-ui/react-dialog': [ '1.1.15' ],
37 silly audit   '@radix-ui/react-direction': [ '1.1.1' ],
37 silly audit   '@radix-ui/react-dismissable-layer': [ '1.1.11' ],
37 silly audit   '@radix-ui/react-dropdown-menu': [ '2.1.16' ],
37 silly audit   '@radix-ui/react-focus-guards': [ '1.1.3' ],
37 silly audit   '@radix-ui/react-focus-scope': [ '1.1.7' ],
37 silly audit   '@radix-ui/react-form': [ '0.1.8' ],
37 silly audit   '@radix-ui/react-label': [ '2.1.7', '2.1.8' ],
37 silly audit   '@radix-ui/react-hover-card': [ '1.1.15' ],
37 silly audit   '@radix-ui/react-id': [ '1.1.1' ],
37 silly audit   '@radix-ui/react-menu': [ '2.1.16' ],
37 silly audit   '@radix-ui/react-menubar': [ '1.1.16' ],
37 silly audit   '@radix-ui/react-navigation-menu': [ '1.2.14' ],
37 silly audit   '@radix-ui/react-one-time-password-field': [ '0.1.8' ],
37 silly audit   '@radix-ui/react-password-toggle-field': [ '0.1.3' ],
37 silly audit   '@radix-ui/react-popover': [ '1.1.15' ],
37 silly audit   '@radix-ui/react-popper': [ '1.2.8' ],
37 silly audit   '@radix-ui/react-portal': [ '1.1.9' ],
37 silly audit   '@radix-ui/react-presence': [ '1.1.5' ],
37 silly audit   '@radix-ui/react-progress': [ '1.1.7' ],
37 silly audit   '@radix-ui/react-radio-group': [ '1.3.8' ],
37 silly audit   '@radix-ui/react-roving-focus': [ '1.1.11' ],
37 silly audit   '@radix-ui/react-scroll-area': [ '1.2.10' ],
37 silly audit   '@radix-ui/react-select': [ '2.2.6' ],
37 silly audit   '@radix-ui/react-separator': [ '1.1.8', '1.1.7' ],
37 silly audit   '@radix-ui/react-slider': [ '1.3.6' ],
37 silly audit   '@radix-ui/react-switch': [ '1.2.6' ],
37 silly audit   '@radix-ui/react-tabs': [ '1.1.13' ],
37 silly audit   '@radix-ui/react-toast': [ '1.2.15' ],
37 silly audit   '@radix-ui/react-toggle': [ '1.1.10' ],
37 silly audit   '@radix-ui/react-toggle-group': [ '1.1.11' ],
37 silly audit   '@radix-ui/react-toolbar': [ '1.1.11' ],
37 silly audit   '@radix-ui/react-tooltip': [ '1.2.8' ],
37 silly audit   '@radix-ui/react-use-callback-ref': [ '1.1.1' ],
37 silly audit   '@radix-ui/react-use-controllable-state': [ '1.2.2' ],
37 silly audit   '@radix-ui/react-use-effect-event': [ '0.0.2' ],
37 silly audit   '@radix-ui/react-use-escape-keydown': [ '1.1.1' ],
37 silly audit   '@radix-ui/react-use-is-hydrated': [ '0.1.0' ],
37 silly audit   '@radix-ui/react-use-layout-effect': [ '1.1.1' ],
37 silly audit   '@radix-ui/react-use-previous': [ '1.1.1' ],
37 silly audit   '@radix-ui/react-use-rect': [ '1.1.1' ],
37 silly audit   '@radix-ui/react-use-size': [ '1.1.1' ],
37 silly audit   '@radix-ui/react-visually-hidden': [ '1.2.3' ],
37 silly audit   '@radix-ui/rect': [ '1.1.1' ],
37 silly audit   '@raphiniert/ra-data-postgrest': [ '2.5.1' ],
37 silly audit   '@react-spring/animated': [ '10.0.1' ],
37 silly audit   '@react-spring/core': [ '10.0.1' ],
37 silly audit   '@react-spring/rafz': [ '10.0.1' ],
37 silly audit   '@react-spring/shared': [ '10.0.1' ],
37 silly audit   '@react-spring/types': [ '10.0.1' ],
37 silly audit   '@react-spring/web': [ '10.0.1' ],
37 silly audit   '@rolldown/pluginutils': [ '1.0.0-beta.27' ],
37 silly audit   '@rollup/plugin-node-resolve': [ '15.3.1' ],
37 silly audit   '@rollup/plugin-terser': [ '0.4.4' ],
37 silly audit   '@rollup/pluginutils': [ '5.3.0', '3.1.0' ],
37 silly audit   'estree-walker': [ '2.0.2', '3.0.3', '1.0.1' ],
37 silly audit   '@rollup/rollup-android-arm-eabi': [ '4.59.0' ],
37 silly audit   '@rollup/rollup-android-arm64': [ '4.59.0' ],
37 silly audit   '@rollup/rollup-darwin-arm64': [ '4.59.0' ],
37 silly audit   '@rollup/rollup-darwin-x64': [ '4.59.0' ],
37 silly audit   '@rollup/rollup-freebsd-arm64': [ '4.59.0' ],
37 silly audit   '@rollup/rollup-freebsd-x64': [ '4.59.0' ],
37 silly audit   '@rollup/rollup-linux-arm-gnueabihf': [ '4.59.0' ],
37 silly audit   '@rollup/rollup-linux-arm-musleabihf': [ '4.59.0' ],
37 silly audit   '@rollup/rollup-linux-arm64-gnu': [ '4.59.0' ],
37 silly audit   '@rollup/rollup-linux-arm64-musl': [ '4.59.0' ],
37 silly audit   '@rollup/rollup-linux-loong64-gnu': [ '4.59.0' ],
37 silly audit   '@rollup/rollup-linux-loong64-musl': [ '4.59.0' ],
37 silly audit   '@rollup/rollup-linux-ppc64-gnu': [ '4.59.0' ],
37 silly audit   '@rollup/rollup-linux-ppc64-musl': [ '4.59.0' ],
37 silly audit   '@rollup/rollup-linux-riscv64-gnu': [ '4.59.0' ],
37 silly audit   '@rollup/rollup-linux-riscv64-musl': [ '4.59.0' ],
37 silly audit   '@rollup/rollup-linux-s390x-gnu': [ '4.59.0' ],
37 silly audit   '@rollup/rollup-linux-x64-gnu': [ '4.59.0' ],
37 silly audit   '@rollup/rollup-linux-x64-musl': [ '4.59.0' ],
37 silly audit   '@rollup/rollup-openbsd-x64': [ '4.59.0' ],
37 silly audit   '@rollup/rollup-openharmony-arm64': [ '4.59.0' ],
37 silly audit   '@rollup/rollup-win32-arm64-msvc': [ '4.59.0' ],
37 silly audit   '@rollup/rollup-win32-ia32-msvc': [ '4.59.0' ],
37 silly audit   '@rollup/rollup-win32-x64-gnu': [ '4.59.0' ],
37 silly audit   '@rollup/rollup-win32-x64-msvc': [ '4.59.0' ],
37 silly audit   '@sec-ant/readable-stream': [ '0.4.1' ],
37 silly audit   '@sindresorhus/merge-streams': [ '4.0.0' ],
37 silly audit   '@storybook/global': [ '5.0.0' ],
37 silly audit   '@streamparser/json': [ '0.0.22' ],
37 silly audit   '@streamparser/json-whatwg': [ '0.0.22' ],
37 silly audit   '@supabase/auth-js': [ '2.90.1' ],
37 silly audit   '@supabase/functions-js': [ '2.90.1' ],
37 silly audit   '@supabase/postgrest-js': [ '2.90.1' ],
37 silly audit   '@supabase/realtime-js': [ '2.90.1' ],
37 silly audit   '@supabase/storage-js': [ '2.90.1' ],
37 silly audit   '@supabase/supabase-js': [ '2.90.1' ],
37 silly audit   '@surma/rollup-plugin-off-main-thread': [ '2.2.3' ],
37 silly audit   'magic-string': [ '0.25.9', '0.30.21' ],
37 silly audit   '@swc/counter': [ '0.1.3' ],
37 silly audit   '@swc/html': [ '1.13.5' ],
37 silly audit   '@swc/html-darwin-arm64': [ '1.13.5' ],
37 silly audit   '@swc/html-darwin-x64': [ '1.13.5' ],
37 silly audit   '@swc/html-linux-arm-gnueabihf': [ '1.13.5' ],
37 silly audit   '@swc/html-linux-arm64-gnu': [ '1.13.5' ],
37 silly audit   '@swc/html-linux-arm64-musl': [ '1.13.5' ],
37 silly audit   '@swc/html-linux-x64-gnu': [ '1.13.5' ],
37 silly audit   '@swc/html-linux-x64-musl': [ '1.13.5' ],
37 silly audit   '@swc/html-win32-arm64-msvc': [ '1.13.5' ],
37 silly audit   '@swc/html-win32-ia32-msvc': [ '1.13.5' ],
37 silly audit   '@swc/html-win32-x64-msvc': [ '1.13.5' ],
37 silly audit   '@tailwindcss/node': [ '4.1.18' ],
37 silly audit   '@tailwindcss/oxide': [ '4.1.18' ],
37 silly audit   '@tailwindcss/oxide-android-arm64': [ '4.1.18' ],
37 silly audit   '@tailwindcss/oxide-darwin-arm64': [ '4.1.18' ],
37 silly audit   '@tailwindcss/oxide-darwin-x64': [ '4.1.18' ],
37 silly audit   '@tailwindcss/oxide-freebsd-x64': [ '4.1.18' ],
37 silly audit   '@tailwindcss/oxide-linux-arm-gnueabihf': [ '4.1.18' ],
37 silly audit   '@tailwindcss/oxide-linux-arm64-gnu': [ '4.1.18' ],
37 silly audit   '@tailwindcss/oxide-linux-arm64-musl': [ '4.1.18' ],
37 silly audit   '@tailwindcss/oxide-linux-x64-gnu': [ '4.1.18' ],
37 silly audit   '@tailwindcss/oxide-linux-x64-musl': [ '4.1.18' ],
37 silly audit   '@emnapi/core': [ '1.7.1' ],
37 silly audit   '@emnapi/runtime': [ '1.7.1' ],
37 silly audit   '@emnapi/wasi-threads': [ '1.1.0' ],
37 silly audit   '@napi-rs/wasm-runtime': [ '1.1.0' ],
37 silly audit   '@tybys/wasm-util': [ '0.10.1' ],
37 silly audit   tslib: [ '2.8.1' ],
37 silly audit   '@tailwindcss/oxide-win32-arm64-msvc': [ '4.1.18' ],
37 silly audit   '@tailwindcss/oxide-win32-x64-msvc': [ '4.1.18' ],
37 silly audit   '@tailwindcss/vite': [ '4.1.18' ],
37 silly audit   '@tanstack/query-async-storage-persister': [ '5.90.22' ],
37 silly audit   '@tanstack/query-core': [ '5.90.20' ],
37 silly audit   '@tanstack/query-persist-client-core': [ '5.91.19' ],
37 silly audit   '@tanstack/react-query': [ '5.90.21' ],
37 silly audit   '@tanstack/react-query-persist-client': [ '5.90.22' ],
37 silly audit   '@testing-library/dom': [ '10.4.1' ],
37 silly audit   'dom-accessibility-api': [ '0.5.16', '0.6.3' ],
37 silly audit   '@testing-library/jest-dom': [ '6.8.0' ],
37 silly audit   '@testing-library/user-event': [ '14.6.1' ],
37 silly audit   '@ts-morph/common': [ '0.27.0' ],
37 silly audit   'balanced-match': [ '4.0.4', '1.0.2' ],
37 silly audit   'brace-expansion': [ '5.0.3', '2.0.2', '1.1.12' ],
37 silly audit   minimatch: [ '10.2.4', '9.0.9', '5.1.9', '3.1.5' ],
37 silly audit   '@types/aria-query': [ '5.0.4' ],
37 silly audit   '@types/babel__core': [ '7.20.5' ],
37 silly audit   '@types/babel__generator': [ '7.27.0' ],
37 silly audit   '@types/babel__template': [ '7.4.4' ],
37 silly audit   '@types/babel__traverse': [ '7.28.0' ],
37 silly audit   '@types/chai': [ '5.2.2' ],
37 silly audit   '@types/d3-color': [ '3.1.3' ],
37 silly audit   '@types/d3-format': [ '1.4.5' ],
37 silly audit   '@types/d3-interpolate': [ '3.0.4' ],
37 silly audit   '@types/d3-path': [ '3.1.1' ],
37 silly audit   '@types/d3-scale': [ '4.0.9' ],
37 silly audit   '@types/d3-scale-chromatic': [ '3.1.0' ],
37 silly audit   '@types/d3-shape': [ '3.1.7' ],
37 silly audit   '@types/d3-time': [ '1.1.4' ],
37 silly audit   '@types/deep-eql': [ '4.0.2' ],
37 silly audit   '@types/dompurify': [ '3.0.5' ],
37 silly audit   '@types/estree': [ '1.0.8', '0.0.39' ],
37 silly audit   '@types/faker': [ '5.5.9' ],
37 silly audit   '@types/json-schema': [ '7.0.15' ],
37 silly audit   '@types/jsonexport': [ '3.0.5' ],
37 silly audit   '@types/lodash': [ '4.17.20' ],
37 silly audit   '@types/ms': [ '2.1.0' ],
37 silly audit   '@types/node': [ '22.18.0' ],
37 silly audit   '@types/papaparse': [ '5.3.16' ],
37 silly audit   '@types/phoenix': [ '1.6.7' ],
37 silly audit   '@types/qs': [ '6.14.0' ],
37 silly audit   '@types/react': [ '19.1.12' ],
37 silly audit   '@types/react-dom': [ '19.1.9' ],
37 silly audit   '@types/resolve': [ '1.20.2' ],
37 silly audit   '@types/statuses': [ '2.0.6' ],
37 silly audit   '@types/trusted-types': [ '2.0.7' ],
37 silly audit   '@types/use-sync-external-store': [ '0.0.6' ],
37 silly audit   '@types/ws': [ '8.18.1' ],
37 silly audit   '@typescript-eslint/eslint-plugin': [ '8.41.0' ],
37 silly audit   ignore: [ '7.0.5', '5.3.2' ],
37 silly audit   '@typescript-eslint/parser': [ '8.41.0' ],
37 silly audit   '@typescript-eslint/project-service': [ '8.41.0' ],
37 silly audit   '@typescript-eslint/scope-manager': [ '8.41.0' ],
37 silly audit   '@typescript-eslint/tsconfig-utils': [ '8.41.0' ],
37 silly audit   '@typescript-eslint/type-utils': [ '8.41.0' ],
37 silly audit   '@typescript-eslint/types': [ '8.41.0' ],
37 silly audit   '@typescript-eslint/typescript-estree': [ '8.41.0' ],
37 silly audit   semver: [ '7.7.3', '6.3.1' ],
37 silly audit   '@typescript-eslint/utils': [ '8.41.0' ],
37 silly audit   '@typescript-eslint/visitor-keys': [ '8.41.0' ],
37 silly audit   '@vitejs/plugin-react': [ '4.7.0' ],
37 silly audit   '@vitest/expect': [ '3.2.4' ],
37 silly audit   '@vitest/mocker': [ '3.2.4' ],
37 silly audit   '@vitest/pretty-format': [ '3.2.4' ],
37 silly audit   '@vitest/runner': [ '3.2.4' ],
37 silly audit   '@vitest/snapshot': [ '3.2.4' ],
37 silly audit   '@vitest/spy': [ '3.2.4' ],
37 silly audit   '@vitest/utils': [ '3.2.4' ],
37 silly audit   accepts: [ '2.0.0' ],
37 silly audit   acorn: [ '8.15.0' ],
37 silly audit   'acorn-jsx': [ '5.3.2' ],
37 silly audit   'agent-base': [ '7.1.4' ],
37 silly audit   'ajv-formats': [ '3.0.1' ],
37 silly audit   ansis: [ '4.2.0' ],
37 silly audit   argparse: [ '2.0.1' ],
37 silly audit   'aria-hidden': [ '1.2.6' ],
37 silly audit   'aria-query': [ '5.3.0' ],
37 silly audit   'array-buffer-byte-length': [ '1.0.2' ],
37 silly audit   'array-union': [ '2.1.0' ],
37 silly audit   'arraybuffer.prototype.slice': [ '1.0.4' ],
37 silly audit   'assertion-error': [ '2.0.1' ],
37 silly audit   'ast-types': [ '0.16.1' ],
37 silly audit   async: [ '3.2.6' ],
37 silly audit   'async-function': [ '1.0.0' ],
37 silly audit   'at-least-node': [ '1.0.0' ],
37 silly audit   'attr-accept': [ '2.2.5' ],
37 silly audit   'available-typed-arrays': [ '1.0.7' ],
37 silly audit   'babel-plugin-polyfill-corejs2': [ '0.4.15' ],
37 silly audit   'babel-plugin-polyfill-corejs3': [ '0.14.0' ],
37 silly audit   'babel-plugin-polyfill-regenerator': [ '0.6.6' ],
37 silly audit   'baseline-browser-mapping': [ '2.9.19' ],
37 silly audit   'better-opn': [ '3.0.2' ],
37 silly audit   'body-parser': [ '2.2.2' ],
37 silly audit   braces: [ '3.0.3' ],
37 silly audit   browserslist: [ '4.28.1' ],
37 silly audit   'buffer-from': [ '1.1.2' ],
37 silly audit   bytes: [ '3.1.2' ],
37 silly audit   cac: [ '6.7.14' ],
37 silly audit   'call-bind': [ '1.0.8' ],
37 silly audit   'call-bind-apply-helpers': [ '1.0.2' ],
37 silly audit   'call-bound': [ '1.0.4' ],
37 silly audit   callsites: [ '3.1.0' ],
37 silly audit   'caniuse-lite': [ '1.0.30001767' ],
37 silly audit   chai: [ '5.3.3' ],
37 silly audit   chalk: [ '4.1.2', '5.6.2' ],
37 silly audit   chardet: [ '2.1.1' ],
37 silly audit   'check-error': [ '2.1.1' ],
37 silly audit   'class-variance-authority': [ '0.7.1' ],
37 silly audit   'cli-cursor': [ '5.0.0' ],
37 silly audit   'cli-spinners': [ '2.9.2' ],
37 silly audit   'cli-width': [ '4.1.0' ],
37 silly audit   cliui: [ '8.0.1' ],
37 silly audit   clsx: [ '2.1.1' ],
37 silly audit   cmdk: [ '1.1.1' ],
37 silly audit   'code-block-writer': [ '13.0.3' ],
37 silly audit   'color-convert': [ '2.0.1' ],
37 silly audit   'color-name': [ '1.1.4' ],
37 silly audit   'common-tags': [ '1.8.2' ],
37 silly audit   commondir: [ '1.0.1' ],
37 silly audit   'concat-map': [ '0.0.1' ],
37 silly audit   'content-disposition': [ '1.0.1' ],
37 silly audit   'content-type': [ '1.0.5' ],
37 silly audit   'convert-source-map': [ '2.0.0' ],
37 silly audit   cookie: [ '1.1.1', '0.7.2' ],
37 silly audit   'cookie-signature': [ '1.2.2' ],
37 silly audit   'core-js-compat': [ '3.48.0' ],
37 silly audit   cors: [ '2.8.5' ],
37 silly audit   cosmiconfig: [ '9.0.0' ],
37 silly audit   cropperjs: [ '1.6.2' ],
37 silly audit   'cross-spawn': [ '7.0.6' ],
37 silly audit   'crypto-random-string': [ '2.0.0' ],
37 silly audit   'css-box-model': [ '1.2.1' ],
37 silly audit   'css.escape': [ '1.5.1' ],
37 silly audit   csstype: [ '3.1.3' ],
37 silly audit   'd3-array': [ '3.2.4' ],
37 silly audit   'd3-color': [ '3.1.0' ],
37 silly audit   'd3-format': [ '1.4.5' ],
37 silly audit   'd3-interpolate': [ '3.0.1' ],
37 silly audit   'd3-path': [ '3.1.0' ],
37 silly audit   'd3-scale': [ '4.0.2' ],
37 silly audit   'd3-scale-chromatic': [ '3.1.0' ],
37 silly audit   'd3-time': [ '3.1.0', '1.1.0' ],
37 silly audit   'd3-shape': [ '3.2.0' ],
37 silly audit   'd3-time-format': [ '3.0.0' ],
37 silly audit   'data-uri-to-buffer': [ '4.0.1' ],
37 silly audit   'data-view-buffer': [ '1.0.2' ],
37 silly audit   'data-view-byte-length': [ '1.0.2' ],
37 silly audit   'data-view-byte-offset': [ '1.0.1' ],
37 silly audit   'date-fns': [ '3.6.0' ],
37 silly audit   debug: [ '4.4.3' ],
37 silly audit   'decode-uri-component': [ '0.2.2' ],
37 silly audit   dedent: [ '1.7.0' ],
37 silly audit   'deep-eql': [ '5.0.2' ],
37 silly audit   'deep-is': [ '0.1.4' ],
37 silly audit   deepmerge: [ '4.3.1' ],
37 silly audit   'define-data-property': [ '1.1.4' ],
37 silly audit   'define-lazy-prop': [ '2.0.0' ],
37 silly audit   'define-properties': [ '1.2.1' ],
37 silly audit   depd: [ '2.0.0' ],
37 silly audit   dequal: [ '2.0.3' ],
37 silly audit   'detect-libc': [ '2.0.4' ],
37 silly audit   'detect-node-es': [ '1.1.0' ],
37 silly audit   diacritic: [ '0.0.2' ],
37 silly audit   diff: [ '8.0.3' ],
37 silly audit   'dir-glob': [ '3.0.1' ],
37 silly audit   dompurify: [ '3.3.1' ],
37 silly audit   dotenv: [ '17.2.3' ],
37 silly audit   'dunder-proto': [ '1.0.1' ],
37 silly audit   eastasianwidth: [ '0.2.0' ],
37 silly audit   eciesjs: [ '0.4.16' ],
37 silly audit   'ee-first': [ '1.1.1' ],
37 silly audit   ejs: [ '3.1.10' ],
37 silly audit   'electron-to-chromium': [ '1.5.286' ],
37 silly audit   'email-addresses': [ '5.0.0' ],
37 silly audit   encodeurl: [ '2.0.0' ],
37 silly audit   'env-paths': [ '2.2.1' ],
37 silly audit   'error-ex': [ '1.3.4' ],
37 silly audit   'es-abstract': [ '1.24.1' ],
37 silly audit   'es-define-property': [ '1.0.1' ],
37 silly audit   'es-errors': [ '1.3.0' ],
37 silly audit   'es-module-lexer': [ '1.7.0' ],
37 silly audit   'es-object-atoms': [ '1.1.1' ],
37 silly audit   'es-set-tostringtag': [ '2.1.0' ],
37 silly audit   'es-to-primitive': [ '1.3.0' ],
37 silly audit   esbuild: [ '0.25.12', '0.27.2' ],
37 silly audit   'esbuild-register': [ '3.6.0' ],
37 silly audit   escalade: [ '3.2.0' ],
37 silly audit   'escape-html': [ '1.0.3' ],
37 silly audit   'escape-string-regexp': [ '4.0.0', '1.0.5' ],
37 silly audit   eslint: [ '9.34.0' ],
37 silly audit   'eslint-plugin-react-hooks': [ '5.2.0' ],
37 silly audit   'eslint-plugin-react-refresh': [ '0.4.20' ],
37 silly audit   'eslint-plugin-storybook': [ '9.1.3' ],
37 silly audit   'eslint-scope': [ '8.4.0' ],
37 silly audit   espree: [ '10.4.0' ],
37 silly audit   esprima: [ '4.0.1' ],
37 silly audit   esquery: [ '1.6.0' ],
37 silly audit   esrecurse: [ '4.3.0' ],
37 silly audit   estraverse: [ '5.3.0' ],
37 silly audit   esutils: [ '2.0.3' ],
37 silly audit   etag: [ '1.8.1' ],
37 silly audit   eventemitter3: [ '5.0.1' ],
37 silly audit   eventsource: [ '3.0.7' ],
37 silly audit   'eventsource-parser': [ '3.0.6' ],
37 silly audit   'expect-type': [ '1.2.2' ],
37 silly audit   express: [ '5.2.1' ],
37 silly audit   'express-rate-limit': [ '8.2.1' ],
37 silly audit   faker: [ '5.5.3' ],
37 silly audit   fakerest: [ '4.2.0' ],
37 silly audit   'fast-deep-equal': [ '3.1.3' ],
37 silly audit   'fast-glob': [ '3.3.3' ],
37 silly audit   'glob-parent': [ '5.1.2', '6.0.2' ],
37 silly audit   'fast-json-stable-stringify': [ '2.1.0' ],
37 silly audit   'fast-levenshtein': [ '2.0.6' ],
37 silly audit   'fast-uri': [ '3.1.0' ],
37 silly audit   fastq: [ '1.19.1' ],
37 silly audit   'fetch-blob': [ '3.2.0' ],
37 silly audit   figures: [ '6.1.0' ],
37 silly audit   'file-entry-cache': [ '8.0.0' ],
37 silly audit   'file-selector': [ '2.1.2' ],
37 silly audit   filelist: [ '1.0.4' ],
37 silly audit   'filename-reserved-regex': [ '2.0.0' ],
37 silly audit   filenamify: [ '4.3.0' ],
37 silly audit   'fill-range': [ '7.1.1' ],
37 silly audit   'filter-obj': [ '1.1.0' ],
37 silly audit   finalhandler: [ '2.1.1' ],
37 silly audit   'find-cache-dir': [ '3.3.2' ],
37 silly audit   'find-up': [ '5.0.0', '4.1.0' ],
37 silly audit   'flat-cache': [ '4.0.1' ],
37 silly audit   flatted: [ '3.3.3' ],
37 silly audit   'for-each': [ '0.3.5' ],
37 silly audit   'foreground-child': [ '3.3.1' ],
37 silly audit   'formdata-polyfill': [ '4.0.10' ],
37 silly audit   forwarded: [ '0.2.0' ],
37 silly audit   fresh: [ '2.0.0' ],
37 silly audit   'fs-extra': [ '11.3.3', '9.1.0' ],
37 silly audit   fsevents: [ '2.3.3' ],
37 silly audit   'function-bind': [ '1.1.2' ],
37 silly audit   'function.prototype.name': [ '1.1.8' ],
37 silly audit   'functions-have-names': [ '1.2.3' ],
37 silly audit   fuzzysort: [ '3.1.0' ],
37 silly audit   fzf: [ '0.5.2' ],
37 silly audit   'generator-function': [ '2.0.1' ],
37 silly audit   gensync: [ '1.0.0-beta.2' ],
37 silly audit   'get-caller-file': [ '2.0.5' ],
37 silly audit   'get-east-asian-width': [ '1.4.0' ],
37 silly audit   'get-intrinsic': [ '1.3.0' ],
37 silly audit   'get-nonce': [ '1.0.1' ],
37 silly audit   'get-own-enumerable-keys': [ '1.0.0' ],
37 silly audit   'get-own-enumerable-property-symbols': [ '3.0.2' ],
37 silly audit   'get-proto': [ '1.0.1' ],
37 silly audit   'get-symbol-description': [ '1.1.0' ],
37 silly audit   'gh-pages': [ '6.3.0' ],
37 silly audit   glob: [ '11.1.0' ],
37 silly audit   globalthis: [ '1.0.4' ],
37 silly audit   globby: [ '11.1.0' ],
37 silly audit   gopd: [ '1.2.0' ],
37 silly audit   'graceful-fs': [ '4.2.11' ],
37 silly audit   graphemer: [ '1.4.0' ],
37 silly audit   graphql: [ '16.11.0' ],
37 silly audit   'has-bigints': [ '1.1.0' ],
37 silly audit   'has-flag': [ '4.0.0' ],
37 silly audit   'has-property-descriptors': [ '1.0.2' ],
37 silly audit   'has-proto': [ '1.2.0' ],
37 silly audit   'has-symbols': [ '1.1.0' ],
37 silly audit   'has-tostringtag': [ '1.0.2' ],
37 silly audit   hasown: [ '2.0.2' ],
37 silly audit   'headers-polyfill': [ '4.0.3' ],
37 silly audit   hono: [ '4.12.2' ],
37 silly audit   'http-errors': [ '2.0.1' ],
37 silly audit   'https-proxy-agent': [ '7.0.6' ],
37 silly audit   husky: [ '9.1.7' ],
37 silly audit   'iceberg-js': [ '0.8.1' ],
37 silly audit   'iconv-lite': [ '0.7.2' ],
37 silly audit   idb: [ '7.1.1' ],
37 silly audit   'import-fresh': [ '3.3.1' ],
37 silly audit   imurmurhash: [ '0.1.4' ],
37 silly audit   'indent-string': [ '4.0.0' ],
37 silly audit   inflection: [ '3.0.2' ],
37 silly audit   inherits: [ '2.0.4' ],
37 silly audit   'internal-slot': [ '1.1.0' ],
37 silly audit   internmap: [ '2.0.3' ],
37 silly audit   'ip-address': [ '10.0.1' ],
37 silly audit   'ipaddr.js': [ '1.9.1' ],
37 silly audit   'is-array-buffer': [ '3.0.5' ],
37 silly audit   'is-arrayish': [ '0.2.1' ],
37 silly audit   'is-async-function': [ '2.1.1' ],
37 silly audit   'is-bigint': [ '1.1.0' ],
37 silly audit   'is-boolean-object': [ '1.2.2' ],
37 silly audit   'is-callable': [ '1.2.7' ],
37 silly audit   'is-core-module': [ '2.16.1' ],
37 silly audit   'is-data-view': [ '1.0.2' ],
37 silly audit   'is-date-object': [ '1.1.0' ],
37 silly audit   'is-docker': [ '2.2.1' ],
37 silly audit   'is-extglob': [ '2.1.1' ],
37 silly audit   'is-finalizationregistry': [ '1.1.1' ],
37 silly audit   'is-fullwidth-code-point': [ '3.0.0' ],
37 silly audit   'is-generator-function': [ '1.1.2' ],
37 silly audit   'is-glob': [ '4.0.3' ],
37 silly audit   'is-interactive': [ '2.0.0' ],
37 silly audit   'is-map': [ '2.0.3' ],
37 silly audit   'is-module': [ '1.0.0' ],
37 silly audit   'is-negative-zero': [ '2.0.3' ],
37 silly audit   'is-node-process': [ '1.2.0' ],
37 silly audit   'is-number': [ '7.0.0' ],
37 silly audit   'is-number-object': [ '1.1.1' ],
37 silly audit   'is-obj': [ '3.0.0', '1.0.1' ],
37 silly audit   'is-plain-obj': [ '4.1.0' ],
37 silly audit   'is-promise': [ '4.0.0' ],
37 silly audit   'is-regex': [ '1.2.1' ],
37 silly audit   'is-regexp': [ '3.1.0', '1.0.0' ],
37 silly audit   'is-set': [ '2.0.3' ],
37 silly audit   'is-shared-array-buffer': [ '1.0.4' ],
37 silly audit   'is-string': [ '1.1.1' ],
37 silly audit   'is-symbol': [ '1.1.1' ],
37 silly audit   'is-typed-array': [ '1.1.15' ],
37 silly audit   'is-unicode-supported': [ '2.1.0', '1.3.0' ],
37 silly audit   'is-weakmap': [ '2.0.2' ],
37 silly audit   'is-weakref': [ '1.1.1' ],
37 silly audit   'is-weakset': [ '2.0.4' ],
37 silly audit   'is-wsl': [ '2.2.0' ],
37 silly audit   isarray: [ '2.0.5' ],
37 silly audit   jackspeak: [ '4.1.1' ],
37 silly audit   jake: [ '10.9.4' ],
37 silly audit   jiti: [ '2.6.1' ],
37 silly audit   jose: [ '6.1.3' ],
37 silly audit   'js-tokens': [ '4.0.0', '9.0.1' ],
37 silly audit   'js-yaml': [ '4.1.1' ],
37 silly audit   jsesc: [ '3.1.0' ],
37 silly audit   'json-buffer': [ '3.0.1' ],
37 silly audit   'json-parse-even-better-errors': [ '2.3.1' ],
37 silly audit   'json-schema': [ '0.4.0' ],
37 silly audit   'json-schema-typed': [ '8.0.2' ],
37 silly audit   'json-stable-stringify-without-jsonify': [ '1.0.1' ],
37 silly audit   'json-stream-es': [ '1.2.1' ],
37 silly audit   json5: [ '2.2.3' ],
37 silly audit   jsonexport: [ '3.2.0' ],
37 silly audit   jsonfile: [ '6.2.0' ],
37 silly audit   jsonpointer: [ '5.0.1' ],
37 silly audit   keyv: [ '4.5.4' ],
37 silly audit   kleur: [ '4.1.5', '3.0.3' ],
37 silly audit   leven: [ '3.1.0' ],
37 silly audit   levn: [ '0.4.1' ],
37 silly audit   lightningcss: [ '1.30.2' ],
37 silly audit   'lightningcss-android-arm64': [ '1.30.2' ],
37 silly audit   'lightningcss-darwin-arm64': [ '1.30.2' ],
37 silly audit   'lightningcss-darwin-x64': [ '1.30.2' ],
37 silly audit   'lightningcss-freebsd-x64': [ '1.30.2' ],
37 silly audit   'lightningcss-linux-arm-gnueabihf': [ '1.30.2' ],
37 silly audit   'lightningcss-linux-arm64-gnu': [ '1.30.2' ],
37 silly audit   'lightningcss-linux-arm64-musl': [ '1.30.2' ],
37 silly audit   'lightningcss-linux-x64-gnu': [ '1.30.2' ],
37 silly audit   'lightningcss-linux-x64-musl': [ '1.30.2' ],
37 silly audit   'lightningcss-win32-arm64-msvc': [ '1.30.2' ],
37 silly audit   'lightningcss-win32-x64-msvc': [ '1.30.2' ],
37 silly audit   'lines-and-columns': [ '1.2.4' ],
37 silly audit   'locate-path': [ '6.0.0', '5.0.0' ],
37 silly audit   lodash: [ '4.17.23' ],
37 silly audit   'lodash.debounce': [ '4.0.8' ],
37 silly audit   'lodash.merge': [ '4.6.2' ],
37 silly audit   'lodash.sortby': [ '4.7.0' ],
37 silly audit   'log-symbols': [ '6.0.0' ],
37 silly audit   'loose-envify': [ '1.4.0' ],
37 silly audit   loupe: [ '3.2.1' ],
37 silly audit   'lru-cache': [ '5.1.1', '11.2.5' ],
37 silly audit   'lucide-react': [ '0.542.0' ],
37 silly audit   'lz-string': [ '1.5.0' ],
37 silly audit   'make-dir': [ '3.1.0' ],
37 silly audit   marked: [ '17.0.1' ],
37 silly audit   'math-intrinsics': [ '1.1.0' ],
37 silly audit   'media-typer': [ '1.1.0' ],
37 silly audit   'merge-descriptors': [ '2.0.0' ],
37 silly audit   'merge-stream': [ '2.0.0' ],
37 silly audit   merge2: [ '1.4.1' ],
37 silly audit   micromatch: [ '4.0.8' ],
37 silly audit   mime: [ '4.1.0' ],
37 silly audit   'mime-db': [ '1.54.0' ],
37 silly audit   'mime-types': [ '3.0.2' ],
37 silly audit   'mimic-fn': [ '2.1.0' ],
37 silly audit   'mimic-function': [ '5.0.1' ],
37 silly audit   'min-indent': [ '1.0.1' ],
37 silly audit   minimist: [ '1.2.8' ],
37 silly audit   minipass: [ '7.1.2' ],
37 silly audit   ms: [ '2.1.3' ],
37 silly audit   msw: [ '2.11.6' ],
37 silly audit   nanoid: [ '3.3.11' ],
37 silly audit   'natural-compare': [ '1.4.0' ],
37 silly audit   negotiator: [ '1.0.0' ],
37 silly audit   'next-themes': [ '0.4.6' ],
37 silly audit   'node-domexception': [ '1.0.0' ],
37 silly audit   'node-fetch': [ '3.3.2' ],
37 silly audit   'node-polyglot': [ '2.6.0' ],
37 silly audit   'node-releases': [ '2.0.27' ],
37 silly audit   'path-key': [ '4.0.0', '3.1.1' ],
37 silly audit   'object-assign': [ '4.1.1' ],
37 silly audit   'object-inspect': [ '1.13.4' ],
37 silly audit   'object-keys': [ '1.1.1' ],
37 silly audit   'object-treeify': [ '1.1.33' ],
37 silly audit   'object.assign': [ '4.1.7' ],
37 silly audit   'object.entries': [ '1.1.9' ],
37 silly audit   'on-finished': [ '2.4.1' ],
37 silly audit   once: [ '1.4.0' ],
37 silly audit   open: [ '8.4.2' ],
37 silly audit   'openapi-types': [ '12.1.3' ],
37 silly audit   optionator: [ '0.9.4' ],
37 silly audit   ora: [ '8.2.0' ],
37 silly audit   outvariant: [ '1.4.3' ],
37 silly audit   'own-keys': [ '1.0.1' ],
37 silly audit   'p-limit': [ '3.1.0', '2.3.0' ],
37 silly audit   'p-locate': [ '5.0.0', '4.1.0' ],
37 silly audit   'p-try': [ '2.2.0' ],
37 silly audit   'package-json-from-dist': [ '1.0.1' ],
37 silly audit   'package-manager-detector': [ '1.5.0' ],
37 silly audit   papaparse: [ '5.5.3' ],
37 silly audit   'parent-module': [ '1.0.1' ],
37 silly audit   'parse-json': [ '5.2.0' ],
37 silly audit   'parse-ms': [ '4.0.0' ],
37 silly audit   parseurl: [ '1.3.3' ],
37 silly audit   'path-browserify': [ '1.0.1' ],
37 silly audit   'path-exists': [ '4.0.0' ],
37 silly audit   'path-parse': [ '1.0.7' ],
37 silly audit   'path-scurry': [ '2.0.0' ],
37 silly audit   'path-to-regexp': [ '6.3.0', '8.3.0' ],
37 silly audit   'path-type': [ '4.0.0' ],
37 silly audit   pathe: [ '2.0.3' ],
37 silly audit   pathval: [ '2.0.1' ],
37 silly audit   picocolors: [ '1.1.1' ],
37 silly audit   'pkce-challenge': [ '5.0.0' ],
37 silly audit   'pkg-dir': [ '4.2.0' ],
37 silly audit   'possible-typed-array-names': [ '1.1.0' ],
37 silly audit   postcss: [ '8.5.6' ],
37 silly audit   'prelude-ls': [ '1.2.1' ],
37 silly audit   prettier: [ '3.6.2' ],
37 silly audit   'pretty-bytes': [ '6.1.1', '5.6.0' ],
37 silly audit   'pretty-format': [ '27.5.1' ],
37 silly audit   'react-is': [ '17.0.2', '16.13.1', '19.2.4' ],
37 silly audit   'pretty-ms': [ '9.3.0' ],
37 silly audit   prompts: [ '2.4.2' ],
37 silly audit   'prop-types': [ '15.8.1' ],
37 silly audit   'proxy-addr': [ '2.0.7' ],
37 silly audit   punycode: [ '2.3.1' ],
37 silly audit   qs: [ '6.14.2' ],
37 silly audit   'query-string': [ '7.1.3' ],
37 silly audit   'queue-microtask': [ '1.2.3' ],
37 silly audit   'ra-core': [ '5.14.2' ],
37 silly audit   'react-error-boundary': [ '4.1.2', '6.1.1' ],
37 silly audit   'ra-data-fakerest': [ '5.10.2' ],
37 silly audit   'ra-i18n-polyglot': [ '5.14.2' ],
37 silly audit   'ra-language-english': [ '5.14.2' ],
37 silly audit   'ra-supabase-core': [ '3.5.2' ],
37 silly audit   'ra-supabase-language-english': [ '3.5.0' ],
37 silly audit   'radix-ui': [ '1.4.3' ],
37 silly audit   'raf-schd': [ '4.0.3' ],
37 silly audit   randombytes: [ '2.1.0' ],
37 silly audit   'range-parser': [ '1.2.1' ],
37 silly audit   'raw-body': [ '3.0.2' ],
37 silly audit   react: [ '19.1.1' ],
37 silly audit   'react-cropper': [ '2.3.3' ],
37 silly audit   'react-dom': [ '19.1.1' ],
37 silly audit   'react-dropzone': [ '14.4.1' ],
37 silly audit   'react-hook-form': [ '7.71.1' ],
37 silly audit   'react-redux': [ '9.2.0' ],
37 silly audit   'react-refresh': [ '0.17.0' ],
37 silly audit   'react-remove-scroll': [ '2.7.1' ],
37 silly audit   'react-remove-scroll-bar': [ '2.3.8' ],
37 silly audit   'react-router': [ '7.13.0' ],
37 silly audit   'react-router-dom': [ '7.13.0' ],
37 silly audit   'react-style-singleton': [ '2.2.3' ],
37 silly audit   'react-virtualized-auto-sizer': [ '1.0.26' ],
37 silly audit   recast: [ '0.23.11' ],
37 silly audit   redent: [ '3.0.0' ],
37 silly audit   redux: [ '5.0.1' ],
37 silly audit   'reflect.getprototypeof': [ '1.0.10' ],
37 silly audit   regenerate: [ '1.4.2' ],
37 silly audit   'regenerate-unicode-properties': [ '10.2.2' ],
37 silly audit   'regexp.prototype.flags': [ '1.5.4' ],
37 silly audit   'regexpu-core': [ '6.4.0' ],
37 silly audit   regjsgen: [ '0.8.0' ],
37 silly audit   regjsparser: [ '0.13.0' ],
37 silly audit   'require-directory': [ '2.1.1' ],
37 silly audit   'require-from-string': [ '2.0.2' ],
37 silly audit   resolve: [ '1.22.11' ],
37 silly audit   'resolve-from': [ '4.0.0' ],
37 silly audit   'restore-cursor': [ '5.1.0' ],
37 silly audit   rettime: [ '0.7.0' ],
37 silly audit   reusify: [ '1.1.0' ],
37 silly audit   rollup: [ '4.59.0', '2.80.0' ],
37 silly audit   'rollup-plugin-visualizer': [ '6.0.3' ],
37 silly audit   'source-map': [ '0.7.6', '0.6.1', '0.8.0-beta.0' ],
37 silly audit   router: [ '2.2.0' ],
37 silly audit   'run-parallel': [ '1.2.0' ],
37 silly audit   'safe-array-concat': [ '1.1.3' ],
37 silly audit   'safe-buffer': [ '5.2.1' ],
37 silly audit   'safe-push-apply': [ '1.0.0' ],
37 silly audit   'safe-regex-test': [ '1.1.0' ],
37 silly audit   'safer-buffer': [ '2.1.2' ],
37 silly audit   scheduler: [ '0.26.0' ],
37 silly audit   send: [ '1.2.1' ],
37 silly audit   'serialize-javascript': [ '6.0.2' ],
37 silly audit   'serve-static': [ '2.2.1' ],
37 silly audit   'set-cookie-parser': [ '2.7.1' ],
37 silly audit   'set-function-length': [ '1.2.2' ],
37 silly audit   'set-function-name': [ '2.0.2' ],
37 silly audit   'set-proto': [ '1.0.0' ],
37 silly audit   setprototypeof: [ '1.2.0' ],
37 silly audit   shadcn: [ '3.5.0' ],
37 silly audit   zod: [ '3.25.76', '4.3.6' ],
37 silly audit   'shebang-command': [ '2.0.0' ],
37 silly audit   'shebang-regex': [ '3.0.0' ],
37 silly audit   'side-channel': [ '1.1.0' ],
37 silly audit   'side-channel-list': [ '1.0.0' ],
37 silly audit   'side-channel-map': [ '1.0.1' ],
37 silly audit   'side-channel-weakmap': [ '1.0.2' ],
37 silly audit   siginfo: [ '2.0.0' ],
37 silly audit   sisteransi: [ '1.0.5' ],
37 silly audit   slash: [ '3.0.0' ],
37 silly audit   smob: [ '1.5.0' ],
37 silly audit   sonner: [ '2.0.7' ],
37 silly audit   'source-map-js': [ '1.2.1' ],
37 silly audit   'source-map-support': [ '0.5.21' ],
37 silly audit   'sourcemap-codec': [ '1.4.8' ],
37 silly audit   'split-on-first': [ '1.1.0' ],
37 silly audit   stackback: [ '0.0.2' ],
37 silly audit   statuses: [ '2.0.2' ],
37 silly audit   'std-env': [ '3.9.0' ],
37 silly audit   'stdin-discarder': [ '0.2.2' ],
37 silly audit   'stop-iteration-iterator': [ '1.1.0' ],
37 silly audit   storybook: [ '9.1.19' ],
37 silly audit   'strict-event-emitter': [ '0.5.1' ],
37 silly audit   'strict-uri-encode': [ '2.0.0' ],
37 silly audit   'string.prototype.matchall': [ '4.0.12' ],
37 silly audit   'string.prototype.trim': [ '1.2.10' ],
37 silly audit   'string.prototype.trimend': [ '1.0.9' ],
37 silly audit   'string.prototype.trimstart': [ '1.0.8' ],
37 silly audit   'stringify-object': [ '5.0.0', '3.3.0' ],
37 silly audit   'strip-bom': [ '3.0.0' ],
37 silly audit   'strip-comments': [ '2.0.1' ],
37 silly audit   'strip-indent': [ '3.0.0' ],
37 silly audit   'strip-json-comments': [ '3.1.1' ],
37 silly audit   'strip-literal': [ '3.0.0' ],
37 silly audit   'strip-outer': [ '1.0.1' ],
37 silly audit   'supports-color': [ '7.2.0' ],
37 silly audit   'supports-preserve-symlinks-flag': [ '1.0.0' ],
37 silly audit   'tailwind-merge': [ '3.4.1' ],
37 silly audit   tailwindcss: [ '4.1.18' ],
37 silly audit   tapable: [ '2.3.0' ],
37 silly audit   'temp-dir': [ '2.0.0' ],
37 silly audit   tempy: [ '0.6.0' ],
37 silly audit   'type-fest': [ '0.16.0', '4.41.0' ],
37 silly audit   terser: [ '5.46.0' ],
37 silly audit   'tiny-invariant': [ '1.3.3' ],
37 silly audit   tinybench: [ '2.9.0' ],
37 silly audit   tinyglobby: [ '0.2.15' ],
37 silly audit   tinypool: [ '1.1.1' ],
37 silly audit   tinyrainbow: [ '2.0.0' ],
37 silly audit   tinyspy: [ '4.0.3' ],
37 silly audit   tldts: [ '7.0.17' ],
37 silly audit   'tldts-core': [ '7.0.17' ],
37 silly audit   'to-regex-range': [ '5.0.1' ],
37 silly audit   toidentifier: [ '1.0.1' ],
37 silly audit   'tough-cookie': [ '6.0.0' ],
37 silly audit   tr46: [ '1.0.1' ],
37 silly audit   'trim-repeated': [ '1.0.0' ],
37 silly audit   'ts-api-utils': [ '2.1.0' ],
37 silly audit   'ts-morph': [ '26.0.0' ],
37 silly audit   'tsconfig-paths': [ '4.2.0' ],
37 silly audit   'tw-animate-css': [ '1.4.0' ],
37 silly audit   'type-check': [ '0.4.0' ],
37 silly audit   'type-is': [ '2.0.1' ],
37 silly audit   'typed-array-buffer': [ '1.0.3' ],
37 silly audit   'typed-array-byte-length': [ '1.0.3' ],
37 silly audit   'typed-array-byte-offset': [ '1.0.4' ],
37 silly audit   'typed-array-length': [ '1.0.7' ],
37 silly audit   typescript: [ '5.8.3' ],
37 silly audit   'typescript-eslint': [ '8.41.0' ],
37 silly audit   'unbox-primitive': [ '1.1.0' ],
37 silly audit   'undici-types': [ '6.21.0' ],
37 silly audit   'unicode-canonical-property-names-ecmascript': [ '2.0.1' ],
37 silly audit   'unicode-match-property-ecmascript': [ '2.0.0' ],
37 silly audit   'unicode-match-property-value-ecmascript': [ '2.2.1' ],
37 silly audit   'unicode-property-aliases-ecmascript': [ '2.2.0' ],
37 silly audit   'unicorn-magic': [ '0.3.0' ],
37 silly audit   'unique-string': [ '2.0.0' ],
37 silly audit   universalify: [ '2.0.1' ],
37 silly audit   unpipe: [ '1.0.0' ],
37 silly audit   'until-async': [ '3.0.2' ],
37 silly audit   upath: [ '1.2.0' ],
37 silly audit   'update-browserslist-db': [ '1.2.3' ],
37 silly audit   'uri-js': [ '4.4.1' ],
37 silly audit   'use-callback-ref': [ '1.3.3' ],
37 silly audit   'use-debounce': [ '10.0.6' ],
37 silly audit   'use-sidecar': [ '1.1.3' ],
37 silly audit   'use-sync-external-store': [ '1.5.0' ],
37 silly audit   vary: [ '1.1.2' ],
37 silly audit   vaul: [ '1.1.2' ],
37 silly audit   vite: [ '7.3.0' ],
37 silly audit   'vite-node': [ '3.2.4' ],
37 silly audit   'vite-plugin-pwa': [ '1.2.0' ],
37 silly audit   'vite-plugin-simple-html': [ '1.0.1' ],
37 silly audit   vitest: [ '3.2.4' ],
37 silly audit   warning: [ '4.0.3' ],
37 silly audit   'web-streams-polyfill': [ '3.3.3' ],
37 silly audit   'webidl-conversions': [ '4.0.2' ],
37 silly audit   'whatwg-url': [ '7.1.0' ],
37 silly audit   'which-boxed-primitive': [ '1.1.1' ],
37 silly audit   'which-builtin-type': [ '1.2.1' ],
37 silly audit   'which-collection': [ '1.0.2' ],
37 silly audit   'which-typed-array': [ '1.1.20' ],
37 silly audit   'why-is-node-running': [ '2.3.0' ],
37 silly audit   'word-wrap': [ '1.2.5' ],
37 silly audit   'workbox-background-sync': [ '7.4.0' ],
37 silly audit   'workbox-broadcast-update': [ '7.4.0' ],
37 silly audit   'workbox-build': [ '7.4.0' ],
37 silly audit   '@apideck/better-ajv-errors': [ '0.3.6' ],
37 silly audit   '@rollup/plugin-babel': [ '5.3.1' ],
37 silly audit   '@rollup/plugin-replace': [ '2.4.2' ],
37 silly audit   'workbox-cacheable-response': [ '7.4.0' ],
37 silly audit   'workbox-core': [ '7.4.0' ],
37 silly audit   'workbox-expiration': [ '7.4.0' ],
37 silly audit   'workbox-google-analytics': [ '7.4.0' ],
37 silly audit   'workbox-navigation-preload': [ '7.4.0' ],
37 silly audit   'workbox-precaching': [ '7.4.0' ],
37 silly audit   'workbox-range-requests': [ '7.4.0' ],
37 silly audit   'workbox-recipes': [ '7.4.0' ],
37 silly audit   'workbox-routing': [ '7.4.0' ],
37 silly audit   'workbox-strategies': [ '7.4.0' ],
37 silly audit   'workbox-streams': [ '7.4.0' ],
37 silly audit   'workbox-sw': [ '7.4.0' ],
37 silly audit   'workbox-window': [ '7.4.0' ],
37 silly audit   wrappy: [ '1.0.2' ],
37 silly audit   ws: [ '8.18.3' ],
37 silly audit   y18n: [ '5.0.8' ],
37 silly audit   yallist: [ '3.1.1' ],
37 silly audit   yargs: [ '17.7.2' ],
37 silly audit   'yargs-parser': [ '21.1.1' ],
37 silly audit   'yocto-queue': [ '0.1.0' ],
37 silly audit   yoctocolors: [ '2.1.2' ],
37 silly audit   'yoctocolors-cjs': [ '2.1.3' ],
37 silly audit   'zod-to-json-schema': [ '3.25.1' ],
37 silly audit   'enhanced-resolve': [ '5.18.4' ],
37 silly audit   '@tailwindcss/oxide-wasm32-wasi': [ '4.1.18' ]
37 silly audit }
38 verbose reify failed optional dependency /Users/cristianvillavicencio/Desktop/nomi-crm/node_modules/lightningcss-win32-x64-msvc
39 silly reify mark deleted [
39 silly reify   '/Users/cristianvillavicencio/Desktop/nomi-crm/node_modules/lightningcss-win32-x64-msvc'
39 silly reify ]
40 verbose reify failed optional dependency /Users/cristianvillavicencio/Desktop/nomi-crm/node_modules/lightningcss-win32-arm64-msvc
41 silly reify mark deleted [
41 silly reify   '/Users/cristianvillavicencio/Desktop/nomi-crm/node_modules/lightningcss-win32-arm64-msvc'
41 silly reify ]
42 verbose reify failed optional dependency /Users/cristianvillavicencio/Desktop/nomi-crm/node_modules/lightningcss-linux-x64-musl
43 silly reify mark deleted [
43 silly reify   '/Users/cristianvillavicencio/Desktop/nomi-crm/node_modules/lightningcss-linux-x64-musl'
43 silly reify ]
44 verbose reify failed optional dependency /Users/cristianvillavicencio/Desktop/nomi-crm/node_modules/lightningcss-linux-x64-gnu
45 silly reify mark deleted [
45 silly reify   '/Users/cristianvillavicencio/Desktop/nomi-crm/node_modules/lightningcss-linux-x64-gnu'
45 silly reify ]
46 verbose reify failed optional dependency /Users/cristianvillavicencio/Desktop/nomi-crm/node_modules/lightningcss-linux-arm64-musl
47 silly reify mark deleted [
47 silly reify   '/Users/cristianvillavicencio/Desktop/nomi-crm/node_modules/lightningcss-linux-arm64-musl'
47 silly reify ]
48 verbose reify failed optional dependency /Users/cristianvillavicencio/Desktop/nomi-crm/node_modules/lightningcss-linux-arm64-gnu
49 silly reify mark deleted [
49 silly reify   '/Users/cristianvillavicencio/Desktop/nomi-crm/node_modules/lightningcss-linux-arm64-gnu'
49 silly reify ]
50 verbose reify failed optional dependency /Users/cristianvillavicencio/Desktop/nomi-crm/node_modules/lightningcss-linux-arm-gnueabihf
51 silly reify mark deleted [
51 silly reify   '/Users/cristianvillavicencio/Desktop/nomi-crm/node_modules/lightningcss-linux-arm-gnueabihf'
51 silly reify ]
52 verbose reify failed optional dependency /Users/cristianvillavicencio/Desktop/nomi-crm/node_modules/lightningcss-freebsd-x64
53 silly reify mark deleted [
53 silly reify   '/Users/cristianvillavicencio/Desktop/nomi-crm/node_modules/lightningcss-freebsd-x64'
53 silly reify ]
54 verbose reify failed optional dependency /Users/cristianvillavicencio/Desktop/nomi-crm/node_modules/lightningcss-darwin-x64
55 silly reify mark deleted [
55 silly reify   '/Users/cristianvillavicencio/Desktop/nomi-crm/node_modules/lightningcss-darwin-x64'
55 silly reify ]
56 verbose reify failed optional dependency /Users/cristianvillavicencio/Desktop/nomi-crm/node_modules/lightningcss-android-arm64
57 silly reify mark deleted [
57 silly reify   '/Users/cristianvillavicencio/Desktop/nomi-crm/node_modules/lightningcss-android-arm64'
57 silly reify ]
58 verbose reify failed optional dependency /Users/cristianvillavicencio/Desktop/nomi-crm/node_modules/@tailwindcss/oxide-win32-x64-msvc
59 silly reify mark deleted [
59 silly reify   '/Users/cristianvillavicencio/Desktop/nomi-crm/node_modules/@tailwindcss/oxide-win32-x64-msvc'
59 silly reify ]
60 verbose reify failed optional dependency /Users/cristianvillavicencio/Desktop/nomi-crm/node_modules/@tailwindcss/oxide-win32-arm64-msvc
61 silly reify mark deleted [
61 silly reify   '/Users/cristianvillavicencio/Desktop/nomi-crm/node_modules/@tailwindcss/oxide-win32-arm64-msvc'
61 silly reify ]
62 verbose reify failed optional dependency /Users/cristianvillavicencio/Desktop/nomi-crm/node_modules/@tailwindcss/oxide-linux-x64-musl
63 silly reify mark deleted [
63 silly reify   '/Users/cristianvillavicencio/Desktop/nomi-crm/node_modules/@tailwindcss/oxide-linux-x64-musl'
63 silly reify ]
64 verbose reify failed optional dependency /Users/cristianvillavicencio/Desktop/nomi-crm/node_modules/@tailwindcss/oxide-linux-x64-gnu
65 silly reify mark deleted [
65 silly reify   '/Users/cristianvillavicencio/Desktop/nomi-crm/node_modules/@tailwindcss/oxide-linux-x64-gnu'
65 silly reify ]
66 verbose reify failed optional dependency /Users/cristianvillavicencio/Desktop/nomi-crm/node_modules/@tailwindcss/oxide-linux-arm64-musl
67 silly reify mark deleted [
67 silly reify   '/Users/cristianvillavicencio/Desktop/nomi-crm/node_modules/@tailwindcss/oxide-linux-arm64-musl'
67 silly reify ]
68 verbose reify failed optional dependency /Users/cristianvillavicencio/Desktop/nomi-crm/node_modules/@tailwindcss/oxide-linux-arm64-gnu
69 silly reify mark deleted [
69 silly reify   '/Users/cristianvillavicencio/Desktop/nomi-crm/node_modules/@tailwindcss/oxide-linux-arm64-gnu'
69 silly reify ]
70 verbose reify failed optional dependency /Users/cristianvillavicencio/Desktop/nomi-crm/node_modules/@tailwindcss/oxide-linux-arm-gnueabihf
71 silly reify mark deleted [
71 silly reify   '/Users/cristianvillavicencio/Desktop/nomi-crm/node_modules/@tailwindcss/oxide-linux-arm-gnueabihf'
71 silly reify ]
72 verbose reify failed optional dependency /Users/cristianvillavicencio/Desktop/nomi-crm/node_modules/@tailwindcss/oxide-freebsd-x64
73 silly reify mark deleted [
73 silly reify   '/Users/cristianvillavicencio/Desktop/nomi-crm/node_modules/@tailwindcss/oxide-freebsd-x64'
73 silly reify ]
74 verbose reify failed optional dependency /Users/cristianvillavicencio/Desktop/nomi-crm/node_modules/@tailwindcss/oxide-darwin-x64
75 silly reify mark deleted [
75 silly reify   '/Users/cristianvillavicencio/Desktop/nomi-crm/node_modules/@tailwindcss/oxide-darwin-x64'
75 silly reify ]
76 verbose reify failed optional dependency /Users/cristianvillavicencio/Desktop/nomi-crm/node_modules/@tailwindcss/oxide-android-arm64
77 silly reify mark deleted [
77 silly reify   '/Users/cristianvillavicencio/Desktop/nomi-crm/node_modules/@tailwindcss/oxide-android-arm64'
77 silly reify ]
78 verbose reify failed optional dependency /Users/cristianvillavicencio/Desktop/nomi-crm/node_modules/@swc/html-win32-x64-msvc
79 silly reify mark deleted [
79 silly reify   '/Users/cristianvillavicencio/Desktop/nomi-crm/node_modules/@swc/html-win32-x64-msvc'
79 silly reify ]
80 verbose reify failed optional dependency /Users/cristianvillavicencio/Desktop/nomi-crm/node_modules/@swc/html-win32-ia32-msvc
81 silly reify mark deleted [
81 silly reify   '/Users/cristianvillavicencio/Desktop/nomi-crm/node_modules/@swc/html-win32-ia32-msvc'
81 silly reify ]
82 verbose reify failed optional dependency /Users/cristianvillavicencio/Desktop/nomi-crm/node_modules/@swc/html-win32-arm64-msvc
83 silly reify mark deleted [
83 silly reify   '/Users/cristianvillavicencio/Desktop/nomi-crm/node_modules/@swc/html-win32-arm64-msvc'
83 silly reify ]
84 verbose reify failed optional dependency /Users/cristianvillavicencio/Desktop/nomi-crm/node_modules/@swc/html-linux-x64-musl
85 silly reify mark deleted [
85 silly reify   '/Users/cristianvillavicencio/Desktop/nomi-crm/node_modules/@swc/html-linux-x64-musl'
85 silly reify ]
86 verbose reify failed optional dependency /Users/cristianvillavicencio/Desktop/nomi-crm/node_modules/@swc/html-linux-x64-gnu
87 silly reify mark deleted [
87 silly reify   '/Users/cristianvillavicencio/Desktop/nomi-crm/node_modules/@swc/html-linux-x64-gnu'
87 silly reify ]
88 verbose reify failed optional dependency /Users/cristianvillavicencio/Desktop/nomi-crm/node_modules/@swc/html-linux-arm64-musl
89 silly reify mark deleted [
89 silly reify   '/Users/cristianvillavicencio/Desktop/nomi-crm/node_modules/@swc/html-linux-arm64-musl'
89 silly reify ]
90 verbose reify failed optional dependency /Users/cristianvillavicencio/Desktop/nomi-crm/node_modules/@swc/html-linux-arm64-gnu
91 silly reify mark deleted [
91 silly reify   '/Users/cristianvillavicencio/Desktop/nomi-crm/node_modules/@swc/html-linux-arm64-gnu'
91 silly reify ]
92 verbose reify failed optional dependency /Users/cristianvillavicencio/Desktop/nomi-crm/node_modules/@swc/html-linux-arm-gnueabihf
93 silly reify mark deleted [
93 silly reify   '/Users/cristianvillavicencio/Desktop/nomi-crm/node_modules/@swc/html-linux-arm-gnueabihf'
93 silly reify ]
94 verbose reify failed optional dependency /Users/cristianvillavicencio/Desktop/nomi-crm/node_modules/@swc/html-darwin-x64
95 silly reify mark deleted [
95 silly reify   '/Users/cristianvillavicencio/Desktop/nomi-crm/node_modules/@swc/html-darwin-x64'
95 silly reify ]
96 verbose reify failed optional dependency /Users/cristianvillavicencio/Desktop/nomi-crm/node_modules/@rollup/rollup-win32-x64-msvc
97 silly reify mark deleted [
97 silly reify   '/Users/cristianvillavicencio/Desktop/nomi-crm/node_modules/@rollup/rollup-win32-x64-msvc'
97 silly reify ]
98 verbose reify failed optional dependency /Users/cristianvillavicencio/Desktop/nomi-crm/node_modules/@rollup/rollup-win32-x64-gnu
99 silly reify mark deleted [
99 silly reify   '/Users/cristianvillavicencio/Desktop/nomi-crm/node_modules/@rollup/rollup-win32-x64-gnu'
99 silly reify ]
100 verbose reify failed optional dependency /Users/cristianvillavicencio/Desktop/nomi-crm/node_modules/@rollup/rollup-win32-ia32-msvc
101 silly reify mark deleted [
101 silly reify   '/Users/cristianvillavicencio/Desktop/nomi-crm/node_modules/@rollup/rollup-win32-ia32-msvc'
101 silly reify ]
102 verbose reify failed optional dependency /Users/cristianvillavicencio/Desktop/nomi-crm/node_modules/@rollup/rollup-win32-arm64-msvc
103 silly reify mark deleted [
103 silly reify   '/Users/cristianvillavicencio/Desktop/nomi-crm/node_modules/@rollup/rollup-win32-arm64-msvc'
103 silly reify ]
104 verbose reify failed optional dependency /Users/cristianvillavicencio/Desktop/nomi-crm/node_modules/@rollup/rollup-openharmony-arm64
105 silly reify mark deleted [
105 silly reify   '/Users/cristianvillavicencio/Desktop/nomi-crm/node_modules/@rollup/rollup-openharmony-arm64'
105 silly reify ]
106 verbose reify failed optional dependency /Users/cristianvillavicencio/Desktop/nomi-crm/node_modules/@rollup/rollup-openbsd-x64
107 silly reify mark deleted [
107 silly reify   '/Users/cristianvillavicencio/Desktop/nomi-crm/node_modules/@rollup/rollup-openbsd-x64'
107 silly reify ]
108 verbose reify failed optional dependency /Users/cristianvillavicencio/Desktop/nomi-crm/node_modules/@rollup/rollup-linux-x64-musl
109 silly reify mark deleted [
109 silly reify   '/Users/cristianvillavicencio/Desktop/nomi-crm/node_modules/@rollup/rollup-linux-x64-musl'
109 silly reify ]
110 verbose reify failed optional dependency /Users/cristianvillavicencio/Desktop/nomi-crm/node_modules/@rollup/rollup-linux-x64-gnu
111 silly reify mark deleted [
111 silly reify   '/Users/cristianvillavicencio/Desktop/nomi-crm/node_modules/@rollup/rollup-linux-x64-gnu'
111 silly reify ]
112 verbose reify failed optional dependency /Users/cristianvillavicencio/Desktop/nomi-crm/node_modules/@rollup/rollup-linux-s390x-gnu
113 silly reify mark deleted [
113 silly reify   '/Users/cristianvillavicencio/Desktop/nomi-crm/node_modules/@rollup/rollup-linux-s390x-gnu'
113 silly reify ]
114 verbose reify failed optional dependency /Users/cristianvillavicencio/Desktop/nomi-crm/node_modules/@rollup/rollup-linux-riscv64-musl
115 silly reify mark deleted [
115 silly reify   '/Users/cristianvillavicencio/Desktop/nomi-crm/node_modules/@rollup/rollup-linux-riscv64-musl'
115 silly reify ]
116 verbose reify failed optional dependency /Users/cristianvillavicencio/Desktop/nomi-crm/node_modules/@rollup/rollup-linux-riscv64-gnu
117 silly reify mark deleted [
117 silly reify   '/Users/cristianvillavicencio/Desktop/nomi-crm/node_modules/@rollup/rollup-linux-riscv64-gnu'
117 silly reify ]
118 verbose reify failed optional dependency /Users/cristianvillavicencio/Desktop/nomi-crm/node_modules/@rollup/rollup-linux-ppc64-musl
119 silly reify mark deleted [
119 silly reify   '/Users/cristianvillavicencio/Desktop/nomi-crm/node_modules/@rollup/rollup-linux-ppc64-musl'
119 silly reify ]
120 verbose reify failed optional dependency /Users/cristianvillavicencio/Desktop/nomi-crm/node_modules/@rollup/rollup-linux-ppc64-gnu
121 silly reify mark deleted [
121 silly reify   '/Users/cristianvillavicencio/Desktop/nomi-crm/node_modules/@rollup/rollup-linux-ppc64-gnu'
121 silly reify ]
122 verbose reify failed optional dependency /Users/cristianvillavicencio/Desktop/nomi-crm/node_modules/@rollup/rollup-linux-loong64-musl
123 silly reify mark deleted [
123 silly reify   '/Users/cristianvillavicencio/Desktop/nomi-crm/node_modules/@rollup/rollup-linux-loong64-musl'
123 silly reify ]
124 verbose reify failed optional dependency /Users/cristianvillavicencio/Desktop/nomi-crm/node_modules/@rollup/rollup-linux-loong64-gnu
125 silly reify mark deleted [
125 silly reify   '/Users/cristianvillavicencio/Desktop/nomi-crm/node_modules/@rollup/rollup-linux-loong64-gnu'
125 silly reify ]
126 verbose reify failed optional dependency /Users/cristianvillavicencio/Desktop/nomi-crm/node_modules/@rollup/rollup-linux-arm64-musl
127 silly reify mark deleted [
127 silly reify   '/Users/cristianvillavicencio/Desktop/nomi-crm/node_modules/@rollup/rollup-linux-arm64-musl'
127 silly reify ]
128 verbose reify failed optional dependency /Users/cristianvillavicencio/Desktop/nomi-crm/node_modules/@rollup/rollup-linux-arm64-gnu
129 silly reify mark deleted [
129 silly reify   '/Users/cristianvillavicencio/Desktop/nomi-crm/node_modules/@rollup/rollup-linux-arm64-gnu'
129 silly reify ]
130 verbose reify failed optional dependency /Users/cristianvillavicencio/Desktop/nomi-crm/node_modules/@rollup/rollup-linux-arm-musleabihf
131 silly reify mark deleted [
131 silly reify   '/Users/cristianvillavicencio/Desktop/nomi-crm/node_modules/@rollup/rollup-linux-arm-musleabihf'
131 silly reify ]
132 verbose reify failed optional dependency /Users/cristianvillavicencio/Desktop/nomi-crm/node_modules/@rollup/rollup-linux-arm-gnueabihf
133 silly reify mark deleted [
133 silly reify   '/Users/cristianvillavicencio/Desktop/nomi-crm/node_modules/@rollup/rollup-linux-arm-gnueabihf'
133 silly reify ]
134 verbose reify failed optional dependency /Users/cristianvillavicencio/Desktop/nomi-crm/node_modules/@rollup/rollup-freebsd-x64
135 silly reify mark deleted [
135 silly reify   '/Users/cristianvillavicencio/Desktop/nomi-crm/node_modules/@rollup/rollup-freebsd-x64'
135 silly reify ]
136 verbose reify failed optional dependency /Users/cristianvillavicencio/Desktop/nomi-crm/node_modules/@rollup/rollup-freebsd-arm64
137 silly reify mark deleted [
137 silly reify   '/Users/cristianvillavicencio/Desktop/nomi-crm/node_modules/@rollup/rollup-freebsd-arm64'
137 silly reify ]
138 verbose reify failed optional dependency /Users/cristianvillavicencio/Desktop/nomi-crm/node_modules/@rollup/rollup-darwin-x64
139 silly reify mark deleted [
139 silly reify   '/Users/cristianvillavicencio/Desktop/nomi-crm/node_modules/@rollup/rollup-darwin-x64'
139 silly reify ]
140 verbose reify failed optional dependency /Users/cristianvillavicencio/Desktop/nomi-crm/node_modules/@rollup/rollup-android-arm64
141 silly reify mark deleted [
141 silly reify   '/Users/cristianvillavicencio/Desktop/nomi-crm/node_modules/@rollup/rollup-android-arm64'
141 silly reify ]
142 verbose reify failed optional dependency /Users/cristianvillavicencio/Desktop/nomi-crm/node_modules/@rollup/rollup-android-arm-eabi
143 silly reify mark deleted [
143 silly reify   '/Users/cristianvillavicencio/Desktop/nomi-crm/node_modules/@rollup/rollup-android-arm-eabi'
143 silly reify ]
144 verbose reify failed optional dependency /Users/cristianvillavicencio/Desktop/nomi-crm/node_modules/@esbuild/win32-x64
145 silly reify mark deleted [
145 silly reify   '/Users/cristianvillavicencio/Desktop/nomi-crm/node_modules/@esbuild/win32-x64'
145 silly reify ]
146 verbose reify failed optional dependency /Users/cristianvillavicencio/Desktop/nomi-crm/node_modules/@esbuild/win32-ia32
147 silly reify mark deleted [
147 silly reify   '/Users/cristianvillavicencio/Desktop/nomi-crm/node_modules/@esbuild/win32-ia32'
147 silly reify ]
148 verbose reify failed optional dependency /Users/cristianvillavicencio/Desktop/nomi-crm/node_modules/@esbuild/win32-arm64
149 silly reify mark deleted [
149 silly reify   '/Users/cristianvillavicencio/Desktop/nomi-crm/node_modules/@esbuild/win32-arm64'
149 silly reify ]
150 verbose reify failed optional dependency /Users/cristianvillavicencio/Desktop/nomi-crm/node_modules/@esbuild/sunos-x64
151 silly reify mark deleted [
151 silly reify   '/Users/cristianvillavicencio/Desktop/nomi-crm/node_modules/@esbuild/sunos-x64'
151 silly reify ]
152 verbose reify failed optional dependency /Users/cristianvillavicencio/Desktop/nomi-crm/node_modules/@esbuild/openharmony-arm64
153 silly reify mark deleted [
153 silly reify   '/Users/cristianvillavicencio/Desktop/nomi-crm/node_modules/@esbuild/openharmony-arm64'
153 silly reify ]
154 verbose reify failed optional dependency /Users/cristianvillavicencio/Desktop/nomi-crm/node_modules/@esbuild/openbsd-x64
155 silly reify mark deleted [
155 silly reify   '/Users/cristianvillavicencio/Desktop/nomi-crm/node_modules/@esbuild/openbsd-x64'
155 silly reify ]
156 verbose reify failed optional dependency /Users/cristianvillavicencio/Desktop/nomi-crm/node_modules/@esbuild/openbsd-arm64
157 silly reify mark deleted [
157 silly reify   '/Users/cristianvillavicencio/Desktop/nomi-crm/node_modules/@esbuild/openbsd-arm64'
157 silly reify ]
158 verbose reify failed optional dependency /Users/cristianvillavicencio/Desktop/nomi-crm/node_modules/@esbuild/netbsd-x64
159 silly reify mark deleted [
159 silly reify   '/Users/cristianvillavicencio/Desktop/nomi-crm/node_modules/@esbuild/netbsd-x64'
159 silly reify ]
160 verbose reify failed optional dependency /Users/cristianvillavicencio/Desktop/nomi-crm/node_modules/@esbuild/netbsd-arm64
161 silly reify mark deleted [
161 silly reify   '/Users/cristianvillavicencio/Desktop/nomi-crm/node_modules/@esbuild/netbsd-arm64'
161 silly reify ]
162 verbose reify failed optional dependency /Users/cristianvillavicencio/Desktop/nomi-crm/node_modules/@esbuild/linux-x64
163 silly reify mark deleted [
163 silly reify   '/Users/cristianvillavicencio/Desktop/nomi-crm/node_modules/@esbuild/linux-x64'
163 silly reify ]
164 verbose reify failed optional dependency /Users/cristianvillavicencio/Desktop/nomi-crm/node_modules/@esbuild/linux-s390x
165 silly reify mark deleted [
165 silly reify   '/Users/cristianvillavicencio/Desktop/nomi-crm/node_modules/@esbuild/linux-s390x'
165 silly reify ]
166 verbose reify failed optional dependency /Users/cristianvillavicencio/Desktop/nomi-crm/node_modules/@esbuild/linux-riscv64
167 silly reify mark deleted [
167 silly reify   '/Users/cristianvillavicencio/Desktop/nomi-crm/node_modules/@esbuild/linux-riscv64'
167 silly reify ]
168 verbose reify failed optional dependency /Users/cristianvillavicencio/Desktop/nomi-crm/node_modules/@esbuild/linux-ppc64
169 silly reify mark deleted [
169 silly reify   '/Users/cristianvillavicencio/Desktop/nomi-crm/node_modules/@esbuild/linux-ppc64'
169 silly reify ]
170 verbose reify failed optional dependency /Users/cristianvillavicencio/Desktop/nomi-crm/node_modules/@esbuild/linux-mips64el
171 silly reify mark deleted [
171 silly reify   '/Users/cristianvillavicencio/Desktop/nomi-crm/node_modules/@esbuild/linux-mips64el'
171 silly reify ]
172 verbose reify failed optional dependency /Users/cristianvillavicencio/Desktop/nomi-crm/node_modules/@esbuild/linux-loong64
173 silly reify mark deleted [
173 silly reify   '/Users/cristianvillavicencio/Desktop/nomi-crm/node_modules/@esbuild/linux-loong64'
173 silly reify ]
174 verbose reify failed optional dependency /Users/cristianvillavicencio/Desktop/nomi-crm/node_modules/@esbuild/linux-ia32
175 silly reify mark deleted [
175 silly reify   '/Users/cristianvillavicencio/Desktop/nomi-crm/node_modules/@esbuild/linux-ia32'
175 silly reify ]
176 verbose reify failed optional dependency /Users/cristianvillavicencio/Desktop/nomi-crm/node_modules/@esbuild/linux-arm64
177 silly reify mark deleted [
177 silly reify   '/Users/cristianvillavicencio/Desktop/nomi-crm/node_modules/@esbuild/linux-arm64'
177 silly reify ]
178 verbose reify failed optional dependency /Users/cristianvillavicencio/Desktop/nomi-crm/node_modules/@esbuild/linux-arm
179 silly reify mark deleted [
179 silly reify   '/Users/cristianvillavicencio/Desktop/nomi-crm/node_modules/@esbuild/linux-arm'
179 silly reify ]
180 verbose reify failed optional dependency /Users/cristianvillavicencio/Desktop/nomi-crm/node_modules/@esbuild/freebsd-x64
181 silly reify mark deleted [
181 silly reify   '/Users/cristianvillavicencio/Desktop/nomi-crm/node_modules/@esbuild/freebsd-x64'
181 silly reify ]
182 verbose reify failed optional dependency /Users/cristianvillavicencio/Desktop/nomi-crm/node_modules/@esbuild/freebsd-arm64
183 silly reify mark deleted [
183 silly reify   '/Users/cristianvillavicencio/Desktop/nomi-crm/node_modules/@esbuild/freebsd-arm64'
183 silly reify ]
184 verbose reify failed optional dependency /Users/cristianvillavicencio/Desktop/nomi-crm/node_modules/@esbuild/darwin-x64
185 silly reify mark deleted [
185 silly reify   '/Users/cristianvillavicencio/Desktop/nomi-crm/node_modules/@esbuild/darwin-x64'
185 silly reify ]
186 verbose reify failed optional dependency /Users/cristianvillavicencio/Desktop/nomi-crm/node_modules/@esbuild/android-x64
187 silly reify mark deleted [
187 silly reify   '/Users/cristianvillavicencio/Desktop/nomi-crm/node_modules/@esbuild/android-x64'
187 silly reify ]
188 verbose reify failed optional dependency /Users/cristianvillavicencio/Desktop/nomi-crm/node_modules/@esbuild/android-arm64
189 silly reify mark deleted [
189 silly reify   '/Users/cristianvillavicencio/Desktop/nomi-crm/node_modules/@esbuild/android-arm64'
189 silly reify ]
190 verbose reify failed optional dependency /Users/cristianvillavicencio/Desktop/nomi-crm/node_modules/@esbuild/android-arm
191 silly reify mark deleted [
191 silly reify   '/Users/cristianvillavicencio/Desktop/nomi-crm/node_modules/@esbuild/android-arm'
191 silly reify ]
192 verbose reify failed optional dependency /Users/cristianvillavicencio/Desktop/nomi-crm/node_modules/@esbuild/aix-ppc64
193 silly reify mark deleted [
193 silly reify   '/Users/cristianvillavicencio/Desktop/nomi-crm/node_modules/@esbuild/aix-ppc64'
193 silly reify ]
194 verbose reify failed optional dependency /Users/cristianvillavicencio/Desktop/nomi-crm/node_modules/vite/node_modules/@esbuild/win32-x64
195 silly reify mark deleted [
195 silly reify   '/Users/cristianvillavicencio/Desktop/nomi-crm/node_modules/vite/node_modules/@esbuild/win32-x64'
195 silly reify ]
196 verbose reify failed optional dependency /Users/cristianvillavicencio/Desktop/nomi-crm/node_modules/vite/node_modules/@esbuild/win32-ia32
197 silly reify mark deleted [
197 silly reify   '/Users/cristianvillavicencio/Desktop/nomi-crm/node_modules/vite/node_modules/@esbuild/win32-ia32'
197 silly reify ]
198 verbose reify failed optional dependency /Users/cristianvillavicencio/Desktop/nomi-crm/node_modules/vite/node_modules/@esbuild/win32-arm64
199 silly reify mark deleted [
199 silly reify   '/Users/cristianvillavicencio/Desktop/nomi-crm/node_modules/vite/node_modules/@esbuild/win32-arm64'
199 silly reify ]
200 verbose reify failed optional dependency /Users/cristianvillavicencio/Desktop/nomi-crm/node_modules/vite/node_modules/@esbuild/sunos-x64
201 silly reify mark deleted [
201 silly reify   '/Users/cristianvillavicencio/Desktop/nomi-crm/node_modules/vite/node_modules/@esbuild/sunos-x64'
201 silly reify ]
202 verbose reify failed optional dependency /Users/cristianvillavicencio/Desktop/nomi-crm/node_modules/vite/node_modules/@esbuild/openharmony-arm64
203 silly reify mark deleted [
203 silly reify   '/Users/cristianvillavicencio/Desktop/nomi-crm/node_modules/vite/node_modules/@esbuild/openharmony-arm64'
203 silly reify ]
204 verbose reify failed optional dependency /Users/cristianvillavicencio/Desktop/nomi-crm/node_modules/vite/node_modules/@esbuild/openbsd-x64
205 silly reify mark deleted [
205 silly reify   '/Users/cristianvillavicencio/Desktop/nomi-crm/node_modules/vite/node_modules/@esbuild/openbsd-x64'
205 silly reify ]
206 verbose reify failed optional dependency /Users/cristianvillavicencio/Desktop/nomi-crm/node_modules/vite/node_modules/@esbuild/openbsd-arm64
207 silly reify mark deleted [
207 silly reify   '/Users/cristianvillavicencio/Desktop/nomi-crm/node_modules/vite/node_modules/@esbuild/openbsd-arm64'
207 silly reify ]
208 verbose reify failed optional dependency /Users/cristianvillavicencio/Desktop/nomi-crm/node_modules/vite/node_modules/@esbuild/netbsd-x64
209 silly reify mark deleted [
209 silly reify   '/Users/cristianvillavicencio/Desktop/nomi-crm/node_modules/vite/node_modules/@esbuild/netbsd-x64'
209 silly reify ]
210 verbose reify failed optional dependency /Users/cristianvillavicencio/Desktop/nomi-crm/node_modules/vite/node_modules/@esbuild/netbsd-arm64
211 silly reify mark deleted [
211 silly reify   '/Users/cristianvillavicencio/Desktop/nomi-crm/node_modules/vite/node_modules/@esbuild/netbsd-arm64'
211 silly reify ]
212 verbose reify failed optional dependency /Users/cristianvillavicencio/Desktop/nomi-crm/node_modules/vite/node_modules/@esbuild/linux-x64
213 silly reify mark deleted [
213 silly reify   '/Users/cristianvillavicencio/Desktop/nomi-crm/node_modules/vite/node_modules/@esbuild/linux-x64'
213 silly reify ]
214 verbose reify failed optional dependency /Users/cristianvillavicencio/Desktop/nomi-crm/node_modules/vite/node_modules/@esbuild/linux-s390x
215 silly reify mark deleted [
215 silly reify   '/Users/cristianvillavicencio/Desktop/nomi-crm/node_modules/vite/node_modules/@esbuild/linux-s390x'
215 silly reify ]
216 verbose reify failed optional dependency /Users/cristianvillavicencio/Desktop/nomi-crm/node_modules/vite/node_modules/@esbuild/linux-riscv64
217 silly reify mark deleted [
217 silly reify   '/Users/cristianvillavicencio/Desktop/nomi-crm/node_modules/vite/node_modules/@esbuild/linux-riscv64'
217 silly reify ]
218 verbose reify failed optional dependency /Users/cristianvillavicencio/Desktop/nomi-crm/node_modules/vite/node_modules/@esbuild/linux-ppc64
219 silly reify mark deleted [
219 silly reify   '/Users/cristianvillavicencio/Desktop/nomi-crm/node_modules/vite/node_modules/@esbuild/linux-ppc64'
219 silly reify ]
220 verbose reify failed optional dependency /Users/cristianvillavicencio/Desktop/nomi-crm/node_modules/vite/node_modules/@esbuild/linux-mips64el
221 silly reify mark deleted [
221 silly reify   '/Users/cristianvillavicencio/Desktop/nomi-crm/node_modules/vite/node_modules/@esbuild/linux-mips64el'
221 silly reify ]
222 verbose reify failed optional dependency /Users/cristianvillavicencio/Desktop/nomi-crm/node_modules/vite/node_modules/@esbuild/linux-loong64
223 silly reify mark deleted [
223 silly reify   '/Users/cristianvillavicencio/Desktop/nomi-crm/node_modules/vite/node_modules/@esbuild/linux-loong64'
223 silly reify ]
224 verbose reify failed optional dependency /Users/cristianvillavicencio/Desktop/nomi-crm/node_modules/vite/node_modules/@esbuild/linux-ia32
225 silly reify mark deleted [
225 silly reify   '/Users/cristianvillavicencio/Desktop/nomi-crm/node_modules/vite/node_modules/@esbuild/linux-ia32'
225 silly reify ]
226 verbose reify failed optional dependency /Users/cristianvillavicencio/Desktop/nomi-crm/node_modules/vite/node_modules/@esbuild/linux-arm64
227 silly reify mark deleted [
227 silly reify   '/Users/cristianvillavicencio/Desktop/nomi-crm/node_modules/vite/node_modules/@esbuild/linux-arm64'
227 silly reify ]
228 verbose reify failed optional dependency /Users/cristianvillavicencio/Desktop/nomi-crm/node_modules/vite/node_modules/@esbuild/linux-arm
229 silly reify mark deleted [
229 silly reify   '/Users/cristianvillavicencio/Desktop/nomi-crm/node_modules/vite/node_modules/@esbuild/linux-arm'
229 silly reify ]
230 verbose reify failed optional dependency /Users/cristianvillavicencio/Desktop/nomi-crm/node_modules/vite/node_modules/@esbuild/freebsd-x64
231 silly reify mark deleted [
231 silly reify   '/Users/cristianvillavicencio/Desktop/nomi-crm/node_modules/vite/node_modules/@esbuild/freebsd-x64'
231 silly reify ]
232 verbose reify failed optional dependency /Users/cristianvillavicencio/Desktop/nomi-crm/node_modules/vite/node_modules/@esbuild/freebsd-arm64
233 silly reify mark deleted [
233 silly reify   '/Users/cristianvillavicencio/Desktop/nomi-crm/node_modules/vite/node_modules/@esbuild/freebsd-arm64'
233 silly reify ]
234 verbose reify failed optional dependency /Users/cristianvillavicencio/Desktop/nomi-crm/node_modules/vite/node_modules/@esbuild/darwin-x64
235 silly reify mark deleted [
235 silly reify   '/Users/cristianvillavicencio/Desktop/nomi-crm/node_modules/vite/node_modules/@esbuild/darwin-x64'
235 silly reify ]
236 verbose reify failed optional dependency /Users/cristianvillavicencio/Desktop/nomi-crm/node_modules/vite/node_modules/@esbuild/android-x64
237 silly reify mark deleted [
237 silly reify   '/Users/cristianvillavicencio/Desktop/nomi-crm/node_modules/vite/node_modules/@esbuild/android-x64'
237 silly reify ]
238 verbose reify failed optional dependency /Users/cristianvillavicencio/Desktop/nomi-crm/node_modules/vite/node_modules/@esbuild/android-arm64
239 silly reify mark deleted [
239 silly reify   '/Users/cristianvillavicencio/Desktop/nomi-crm/node_modules/vite/node_modules/@esbuild/android-arm64'
239 silly reify ]
240 verbose reify failed optional dependency /Users/cristianvillavicencio/Desktop/nomi-crm/node_modules/vite/node_modules/@esbuild/android-arm
241 silly reify mark deleted [
241 silly reify   '/Users/cristianvillavicencio/Desktop/nomi-crm/node_modules/vite/node_modules/@esbuild/android-arm'
241 silly reify ]
242 verbose reify failed optional dependency /Users/cristianvillavicencio/Desktop/nomi-crm/node_modules/vite/node_modules/@esbuild/aix-ppc64
243 silly reify mark deleted [
243 silly reify   '/Users/cristianvillavicencio/Desktop/nomi-crm/node_modules/vite/node_modules/@esbuild/aix-ppc64'
243 silly reify ]
244 http fetch POST 200 https://registry.npmjs.org/-/npm/v1/security/advisories/bulk 150ms
245 silly audit report {
245 silly audit report   '@hono/node-server': [
245 silly audit report     {
245 silly audit report       id: 1114170,
245 silly audit report       url: 'https://github.com/advisories/GHSA-wc8c-qw6v-h7f6',
245 silly audit report       title: '@hono/node-server has authorization bypass for protected static paths via encoded slashes in Serve Static Middleware',
245 silly audit report       severity: 'high',
245 silly audit report       vulnerable_versions: '<1.19.10',
245 silly audit report       cwe: [Array],
245 silly audit report       cvss: [Object]
245 silly audit report     }
245 silly audit report   ],
245 silly audit report   ajv: [
245 silly audit report     {
245 silly audit report       id: 1113714,
245 silly audit report       url: 'https://github.com/advisories/GHSA-2g4f-4pwh-qvx6',
245 silly audit report       title: 'ajv has ReDoS when using `$data` option',
245 silly audit report       severity: 'moderate',
245 silly audit report       vulnerable_versions: '<6.14.0',
245 silly audit report       cwe: [Array],
245 silly audit report       cvss: [Object]
245 silly audit report     },
245 silly audit report     {
245 silly audit report       id: 1113715,
245 silly audit report       url: 'https://github.com/advisories/GHSA-2g4f-4pwh-qvx6',
245 silly audit report       title: 'ajv has ReDoS when using `$data` option',
245 silly audit report       severity: 'moderate',
245 silly audit report       vulnerable_versions: '>=7.0.0-alpha.0 <8.18.0',
245 silly audit report       cwe: [Array],
245 silly audit report       cvss: [Object]
245 silly audit report     }
245 silly audit report   ],
245 silly audit report   dompurify: [
245 silly audit report     {
245 silly audit report       id: 1114017,
245 silly audit report       url: 'https://github.com/advisories/GHSA-v2wj-7wpq-c8vv',
245 silly audit report       title: 'DOMPurify contains a Cross-site Scripting vulnerability',
245 silly audit report       severity: 'moderate',
245 silly audit report       vulnerable_versions: '>=3.1.3 <=3.3.1',
245 silly audit report       cwe: [Array],
245 silly audit report       cvss: [Object]
245 silly audit report     }
245 silly audit report   ],
245 silly audit report   'express-rate-limit': [
245 silly audit report     {
245 silly audit report       id: 1114194,
245 silly audit report       url: 'https://github.com/advisories/GHSA-46wh-pxpv-q5gq',
245 silly audit report       title: 'express-rate-limit: IPv4-mapped IPv6 addresses bypass per-client rate limiting on servers with dual-stack network',
245 silly audit report       severity: 'high',
245 silly audit report       vulnerable_versions: '>=8.2.0 <8.2.2',
245 silly audit report       cwe: [Array],
245 silly audit report       cvss: [Object]
245 silly audit report     }
245 silly audit report   ],
245 silly audit report   flatted: [
245 silly audit report     {
245 silly audit report       id: 1114526,
245 silly audit report       url: 'https://github.com/advisories/GHSA-25h7-pfq9-p65f',
245 silly audit report       title: 'flatted vulnerable to unbounded recursion DoS in parse() revive phase',
245 silly audit report       severity: 'high',
245 silly audit report       vulnerable_versions: '<3.4.0',
245 silly audit report       cwe: [Array],
245 silly audit report       cvss: [Object]
245 silly audit report     },
245 silly audit report     {
245 silly audit report       id: 1114934,
245 silly audit report       url: 'https://github.com/advisories/GHSA-rf6f-7fwh-wjgh',
245 silly audit report       title: 'Prototype Pollution via parse() in NodeJS flatted',
245 silly audit report       severity: 'high',
245 silly audit report       vulnerable_versions: '<=3.4.1',
245 silly audit report       cwe: [Array],
245 silly audit report       cvss: [Object]
245 silly audit report     }
245 silly audit report   ],
245 silly audit report   hono: [
245 silly audit report     {
245 silly audit report       id: 1114004,
245 silly audit report       url: 'https://github.com/advisories/GHSA-5pq2-9x2x-5p6w',
245 silly audit report       title: 'Hono Vulnerable to Cookie Attribute Injection via Unsanitized domain and path in setCookie()',
245 silly audit report       severity: 'moderate',
245 silly audit report       vulnerable_versions: '<4.12.4',
245 silly audit report       cwe: [Array],
245 silly audit report       cvss: [Object]
245 silly audit report     },
245 silly audit report     {
245 silly audit report       id: 1114005,
245 silly audit report       url: 'https://github.com/advisories/GHSA-p6xx-57qc-3wxr',
245 silly audit report       title: 'Hono Vulnerable to SSE Control Field Injection via CR/LF in writeSSE()',
245 silly audit report       severity: 'moderate',
245 silly audit report       vulnerable_versions: '<4.12.4',
245 silly audit report       cwe: [Array],
245 silly audit report       cvss: [Object]
245 silly audit report     },
245 silly audit report     {
245 silly audit report       id: 1114006,
245 silly audit report       url: 'https://github.com/advisories/GHSA-q5qw-h33p-qvwr',
245 silly audit report       title: 'Hono vulnerable to arbitrary file access via serveStatic vulnerability ',
245 silly audit report       severity: 'high',
245 silly audit report       vulnerable_versions: '<4.12.4',
245 silly audit report       cwe: [Array],
245 silly audit report       cvss: [Object]
245 silly audit report     },
245 silly audit report     {
245 silly audit report       id: 1114341,
245 silly audit report       url: 'https://github.com/advisories/GHSA-v8w9-8mx6-g223',
245 silly audit report       title: 'Hono vulnerable to Prototype Pollution possible through __proto__ key allowed in parseBody({ dot: true })',
245 silly audit report       severity: 'moderate',
245 silly audit report       vulnerable_versions: '<4.12.7',
245 silly audit report       cwe: [Array],
245 silly audit report       cvss: [Object]
245 silly audit report     }
245 silly audit report   ],
245 silly audit report   'serialize-javascript': [
245 silly audit report     {
245 silly audit report       id: 1113686,
245 silly audit report       url: 'https://github.com/advisories/GHSA-5c6j-r48x-rmvq',
245 silly audit report       title: 'Serialize JavaScript is Vulnerable to RCE via RegExp.flags and Date.prototype.toISOString()',
245 silly audit report       severity: 'high',
245 silly audit report       vulnerable_versions: '<=7.0.2',
245 silly audit report       cwe: [Array],
245 silly audit report       cvss: [Object]
245 silly audit report     }
245 silly audit report   ]
245 silly audit report }
246 silly packumentCache corgi:https://registry.npmjs.org/@hono%2fnode-server cache-miss
247 silly packumentCache corgi:https://registry.npmjs.org/ajv cache-miss
248 silly packumentCache corgi:https://registry.npmjs.org/dompurify cache-miss
249 silly packumentCache corgi:https://registry.npmjs.org/express-rate-limit cache-miss
250 silly packumentCache corgi:https://registry.npmjs.org/flatted cache-miss
251 silly packumentCache corgi:https://registry.npmjs.org/hono cache-miss
252 silly packumentCache corgi:https://registry.npmjs.org/serialize-javascript cache-miss
253 http fetch GET 200 https://registry.npmjs.org/ajv 75ms (cache miss)
254 silly packumentCache corgi:https://registry.npmjs.org/ajv set size:undefined disposed:false
255 http fetch GET 200 https://registry.npmjs.org/@hono%2fnode-server 100ms (cache miss)
256 silly packumentCache corgi:https://registry.npmjs.org/@hono%2fnode-server set size:undefined disposed:false
257 http fetch GET 200 https://registry.npmjs.org/flatted 152ms (cache miss)
258 silly packumentCache corgi:https://registry.npmjs.org/flatted set size:undefined disposed:false
259 http fetch GET 200 https://registry.npmjs.org/express-rate-limit 163ms (cache miss)
260 silly packumentCache corgi:https://registry.npmjs.org/express-rate-limit set size:undefined disposed:false
261 http fetch GET 200 https://registry.npmjs.org/dompurify 169ms (cache miss)
262 silly packumentCache corgi:https://registry.npmjs.org/dompurify set size:undefined disposed:false
263 http fetch GET 200 https://registry.npmjs.org/serialize-javascript 197ms (cache miss)
264 silly packumentCache corgi:https://registry.npmjs.org/serialize-javascript set size:undefined disposed:false
265 http fetch GET 200 https://registry.npmjs.org/hono 221ms (cache miss)
266 silly packumentCache corgi:https://registry.npmjs.org/hono set size:undefined disposed:false
267 silly packumentCache corgi:https://registry.npmjs.org/@modelcontextprotocol%2fsdk cache-miss
268 http fetch GET 200 https://registry.npmjs.org/@modelcontextprotocol%2fsdk 96ms (cache miss)
269 silly packumentCache corgi:https://registry.npmjs.org/@modelcontextprotocol%2fsdk set size:undefined disposed:false
270 silly packumentCache corgi:https://registry.npmjs.org/@eslint%2feslintrc cache-miss
271 silly packumentCache corgi:https://registry.npmjs.org/eslint cache-miss
272 http fetch GET 200 https://registry.npmjs.org/@eslint%2feslintrc 91ms (cache miss)
273 silly packumentCache corgi:https://registry.npmjs.org/@eslint%2feslintrc set size:undefined disposed:false
274 http fetch GET 200 https://registry.npmjs.org/eslint 96ms (cache miss)
275 silly packumentCache corgi:https://registry.npmjs.org/eslint set size:undefined disposed:false
276 silly packumentCache corgi:https://registry.npmjs.org/ajv-formats cache-miss
277 silly packumentCache corgi:https://registry.npmjs.org/workbox-build cache-miss
278 silly packumentCache corgi:https://registry.npmjs.org/@apideck%2fbetter-ajv-errors cache-miss
279 http fetch GET 200 https://registry.npmjs.org/workbox-build 60ms (cache miss)
280 silly packumentCache corgi:https://registry.npmjs.org/workbox-build set size:undefined disposed:false
281 http fetch GET 200 https://registry.npmjs.org/ajv-formats 75ms (cache miss)
282 silly packumentCache corgi:https://registry.npmjs.org/ajv-formats set size:undefined disposed:false
283 http fetch GET 200 https://registry.npmjs.org/@apideck%2fbetter-ajv-errors 84ms (cache miss)
284 silly packumentCache corgi:https://registry.npmjs.org/@apideck%2fbetter-ajv-errors set size:undefined disposed:false
285 silly packumentCache corgi:https://registry.npmjs.org/flat-cache cache-miss
286 http fetch GET 200 https://registry.npmjs.org/flat-cache 83ms (cache miss)
287 silly packumentCache corgi:https://registry.npmjs.org/flat-cache set size:undefined disposed:false
288 silly packumentCache corgi:https://registry.npmjs.org/@rollup%2fplugin-terser cache-miss
289 http fetch GET 200 https://registry.npmjs.org/@rollup%2fplugin-terser 113ms (cache miss)
290 silly packumentCache corgi:https://registry.npmjs.org/@rollup%2fplugin-terser set size:undefined disposed:false
291 silly packumentCache corgi:https://registry.npmjs.org/vite-plugin-pwa cache-miss
292 http fetch GET 200 https://registry.npmjs.org/vite-plugin-pwa 57ms (cache miss)
293 silly packumentCache corgi:https://registry.npmjs.org/vite-plugin-pwa set size:undefined disposed:false
294 silly ADD
295 silly ADD
296 silly ADD
297 silly ADD
298 silly ADD
299 silly ADD
300 silly ADD
301 silly ADD
302 silly ADD
303 silly ADD
304 silly ADD
305 silly ADD
306 silly ADD
307 silly ADD
308 silly ADD
309 silly ADD
310 silly ADD
311 silly ADD
312 silly ADD
313 silly ADD
314 silly ADD
315 silly ADD
316 silly ADD
317 silly ADD
318 silly ADD
319 silly ADD
320 silly ADD
321 silly ADD
322 silly ADD
323 silly ADD
324 silly ADD
325 silly ADD
326 silly ADD
327 silly ADD
328 silly ADD
329 silly ADD
330 silly ADD
331 silly ADD
332 silly ADD
333 silly ADD
334 silly ADD
335 silly ADD
336 silly ADD
337 silly ADD
338 silly ADD
339 silly ADD
340 silly ADD
341 silly ADD
342 silly ADD
343 silly ADD
344 silly ADD
345 silly ADD
346 silly ADD
347 silly ADD
348 silly ADD
349 silly ADD
350 silly ADD
351 silly ADD
352 silly ADD
353 silly ADD
354 silly ADD
355 silly ADD
356 silly ADD
357 silly ADD
358 silly ADD
359 silly ADD
360 silly ADD
361 silly ADD
362 silly ADD
363 silly ADD
364 silly ADD
365 silly ADD
366 silly ADD
367 silly ADD
368 silly ADD
369 silly ADD
370 silly ADD
371 silly ADD
372 silly ADD
373 silly ADD
374 silly ADD
375 silly ADD
376 silly ADD
377 silly ADD
378 silly ADD
379 silly ADD
380 silly ADD
381 silly ADD
382 silly ADD
383 silly ADD
384 silly ADD
385 silly ADD
386 silly ADD
387 silly ADD
388 silly ADD
389 silly ADD
390 silly ADD
391 silly ADD
392 silly ADD
393 silly ADD
394 silly ADD
395 silly ADD
396 silly ADD
397 silly ADD
398 verbose cwd /Users/cristianvillavicencio/Desktop/nomi-crm
399 verbose os Darwin 25.3.0
400 verbose node v22.18.0
401 verbose npm  v10.9.3
402 notice
402 notice New major version of npm available! 10.9.3 -> 11.12.0
402 notice Changelog: https://github.com/npm/cli/releases/tag/v11.12.0
402 notice To update run: npm install -g npm@11.12.0
402 notice  { force: true, [Symbol(proc-log.meta)]: true }
403 verbose exit 0
404 info ok
